2025-10-29T12:03:08.886Z 	 info: Azurite Blob service is starting on 127.0.0.1:10000
2025-10-29T12:03:08.891Z 	 info: AccountDataStore:init() Refresh accounts from environment variable AZURITE_ACCOUNTS with value undefined
2025-10-29T12:03:08.891Z 	 info: AccountDataStore:init() Fallback to default emulator account devstoreaccount1.
2025-10-29T12:03:08.932Z 	 info: BlobGCManager:start() Starting BlobGCManager. Set status to Initializing.
2025-10-29T12:03:08.932Z 	 info: BlobGCManager:start() Trigger mark and sweep loop. Set status to Running.
2025-10-29T12:03:08.933Z 	 info: BlobGCManager:markSweepLoop() Start next mark and sweep.
2025-10-29T12:03:08.934Z 	 info: BlobGCManager:markSweep() Get all extents.
2025-10-29T12:03:08.936Z 	 info: BlobGCManager:start() BlobGCManager successfully started.
2025-10-29T12:03:08.956Z 	 info: BlobGCManager:markSweep() Got 0 extents.
2025-10-29T12:03:08.957Z 	 info: BlobGCManager:markSweep() Get referred extents.
2025-10-29T12:03:08.958Z 	 info: BlobGCManager:markSweep() Got referred extents, unreferenced extents count is 0.
2025-10-29T12:03:08.958Z 	 info: BlobGCManager:markSweepLoop() Mark and sweep finished, taken 24ms.
2025-10-29T12:03:08.958Z 	 info: BlobGCManager:markSweepLoop() Sleep for 600000ms.
2025-10-29T12:03:08.968Z 	 info: Azurite Blob service successfully listens on http://127.0.0.1:10000
2025-10-29T12:03:08.969Z 	 info: Azurite Queue service is starting on 127.0.0.1:10001
2025-10-29T12:03:08.969Z 	 info: AccountDataStore:init() Refresh accounts from environment variable AZURITE_ACCOUNTS with value undefined
2025-10-29T12:03:08.969Z 	 info: AccountDataStore:init() Fallback to default emulator account devstoreaccount1.
2025-10-29T12:03:08.996Z 	 info: QueueGCManager:start() Starting QueueGCManager, set status to Initializing
2025-10-29T12:03:08.996Z 	 info: QueueGCManager:start() Trigger mark and sweep loop, set status to Running.
2025-10-29T12:03:08.996Z 	 info: QueueGCManager:markSweepLoop() Start new mark and sweep.
2025-10-29T12:03:08.997Z 	 info: QueueGCManger:markSweep() Get all extents.
2025-10-29T12:03:08.997Z 	 info: QueueGCManager:start() QueueGCManager successfully started.
2025-10-29T12:03:08.997Z 	 info: QueueGCManager:marksweep() Get 0 extents.
2025-10-29T12:03:08.997Z 	 info: QueueGCManager:markSweep() Get referred extents, then remove from allExtents.
2025-10-29T12:03:08.998Z 	 info: QueueGCManager:markSweep() Got referred extents, unreferenced extents count is 0.
2025-10-29T12:03:08.998Z 	 info: QueueGCManager:markSweepLoop() Mark and sweep finished, take 2ms.
2025-10-29T12:03:08.998Z 	 info: QueueGCManager:markSweepLoop() Sleep for 60000
2025-10-29T12:03:09.002Z 	 info: Azurite Queue service successfully listens on http://127.0.0.1:10001
2025-10-29T12:03:09.004Z 	 info: Azurite Table service is starting on 127.0.0.1:10002
2025-10-29T12:03:09.004Z 	 info: AccountDataStore:init() Refresh accounts from environment variable AZURITE_ACCOUNTS with value undefined
2025-10-29T12:03:09.004Z 	 info: AccountDataStore:init() Fallback to default emulator account devstoreaccount1.
2025-10-29T12:03:09.016Z 	 info: Azurite Table service successfully listens on http://127.0.0.1:10002
2025-10-29T12:03:09.020Z 	 info: InstaceID 2dc732c1-d9cc-4874-ba2a-d3a495bcad3c, SessionID 74e61206-c68f-4891-98dd-20f22cb6d857.
2025-10-29T12:03:09.120Z 	 info: Telemetry initialize successfully.
2025-10-29T12:03:09.128Z 	 verbose: Send start telemetry
2025-10-29T12:04:08.903Z 	 info: AccountDataStore:init() Refresh accounts from environment variable AZURITE_ACCOUNTS with value undefined
2025-10-29T12:04:08.903Z 	 info: AccountDataStore:init() Fallback to default emulator account devstoreaccount1.
2025-10-29T12:04:08.972Z 	 info: AccountDataStore:init() Refresh accounts from environment variable AZURITE_ACCOUNTS with value undefined
2025-10-29T12:04:08.972Z 	 info: AccountDataStore:init() Fallback to default emulator account devstoreaccount1.
2025-10-29T12:04:09.002Z 	 info: QueueGCManager:markSweepLoop() Start new mark and sweep.
2025-10-29T12:04:09.003Z 	 info: QueueGCManger:markSweep() Get all extents.
2025-10-29T12:04:09.003Z 	 info: QueueGCManager:marksweep() Get 0 extents.
2025-10-29T12:04:09.003Z 	 info: QueueGCManager:markSweep() Get referred extents, then remove from allExtents.
2025-10-29T12:04:09.003Z 	 info: QueueGCManager:markSweep() Got referred extents, unreferenced extents count is 0.
2025-10-29T12:04:09.004Z 	 info: QueueGCManager:markSweepLoop() Mark and sweep finished, take 1ms.
2025-10-29T12:04:09.004Z 	 info: QueueGCManager:markSweepLoop() Sleep for 60000
2025-10-29T12:04:09.004Z 	 info: AccountDataStore:init() Refresh accounts from environment variable AZURITE_ACCOUNTS with value undefined
2025-10-29T12:04:09.004Z 	 info: AccountDataStore:init() Fallback to default emulator account devstoreaccount1.
2025-10-29T12:05:28.592Z 	 info: Azurite Blob service is starting on 127.0.0.1:10000
2025-10-29T12:05:28.597Z 	 info: AccountDataStore:init() Refresh accounts from environment variable AZURITE_ACCOUNTS with value undefined
2025-10-29T12:05:28.597Z 	 info: AccountDataStore:init() Fallback to default emulator account devstoreaccount1.
2025-10-29T12:05:28.626Z 	 info: BlobGCManager:start() Starting BlobGCManager. Set status to Initializing.
2025-10-29T12:05:28.627Z 	 info: BlobGCManager:start() Trigger mark and sweep loop. Set status to Running.
2025-10-29T12:05:28.627Z 	 info: BlobGCManager:markSweepLoop() Start next mark and sweep.
2025-10-29T12:05:28.628Z 	 info: BlobGCManager:markSweep() Get all extents.
2025-10-29T12:05:28.630Z 	 info: BlobGCManager:start() BlobGCManager successfully started.
2025-10-29T12:05:28.661Z 	 info: BlobGCManager:markSweep() Got 0 extents.
2025-10-29T12:05:28.662Z 	 info: BlobGCManager:markSweep() Get referred extents.
2025-10-29T12:05:28.664Z 	 info: BlobGCManager:markSweep() Got referred extents, unreferenced extents count is 0.
2025-10-29T12:05:28.664Z 	 info: BlobGCManager:markSweepLoop() Mark and sweep finished, taken 36ms.
2025-10-29T12:05:28.664Z 	 info: BlobGCManager:markSweepLoop() Sleep for 600000ms.
2025-10-29T12:05:28.678Z 	 info: Azurite Blob service successfully listens on http://127.0.0.1:10000
2025-10-29T12:05:28.679Z 	 info: Azurite Queue service is starting on 127.0.0.1:10001
2025-10-29T12:05:28.679Z 	 info: AccountDataStore:init() Refresh accounts from environment variable AZURITE_ACCOUNTS with value undefined
2025-10-29T12:05:28.679Z 	 info: AccountDataStore:init() Fallback to default emulator account devstoreaccount1.
2025-10-29T12:05:28.708Z 	 info: QueueGCManager:start() Starting QueueGCManager, set status to Initializing
2025-10-29T12:05:28.708Z 	 info: QueueGCManager:start() Trigger mark and sweep loop, set status to Running.
2025-10-29T12:05:28.709Z 	 info: QueueGCManager:markSweepLoop() Start new mark and sweep.
2025-10-29T12:05:28.709Z 	 info: QueueGCManger:markSweep() Get all extents.
2025-10-29T12:05:28.709Z 	 info: QueueGCManager:start() QueueGCManager successfully started.
2025-10-29T12:05:28.709Z 	 info: QueueGCManager:marksweep() Get 0 extents.
2025-10-29T12:05:28.710Z 	 info: QueueGCManager:markSweep() Get referred extents, then remove from allExtents.
2025-10-29T12:05:28.710Z 	 info: QueueGCManager:markSweep() Got referred extents, unreferenced extents count is 0.
2025-10-29T12:05:28.710Z 	 info: QueueGCManager:markSweepLoop() Mark and sweep finished, take 1ms.
2025-10-29T12:05:28.710Z 	 info: QueueGCManager:markSweepLoop() Sleep for 60000
2025-10-29T12:05:28.714Z 	 info: Azurite Queue service successfully listens on http://127.0.0.1:10001
2025-10-29T12:05:28.715Z 	 info: Azurite Table service is starting on 127.0.0.1:10002
2025-10-29T12:05:28.715Z 	 info: AccountDataStore:init() Refresh accounts from environment variable AZURITE_ACCOUNTS with value undefined
2025-10-29T12:05:28.715Z 	 info: AccountDataStore:init() Fallback to default emulator account devstoreaccount1.
2025-10-29T12:05:28.725Z 	 info: Azurite Table service successfully listens on http://127.0.0.1:10002
2025-10-29T12:05:28.727Z 	 info: InstaceID 2dc732c1-d9cc-4874-ba2a-d3a495bcad3c, SessionID 2d2f1a63-b79c-4bf3-85a2-1cbf286995bd.
2025-10-29T12:05:28.849Z 	 info: Telemetry initialize successfully.
2025-10-29T12:05:28.862Z 	 verbose: Send start telemetry
2025-10-29T12:06:28.612Z 	 info: AccountDataStore:init() Refresh accounts from environment variable AZURITE_ACCOUNTS with value undefined
2025-10-29T12:06:28.613Z 	 info: AccountDataStore:init() Fallback to default emulator account devstoreaccount1.
2025-10-29T12:06:28.690Z 	 info: AccountDataStore:init() Refresh accounts from environment variable AZURITE_ACCOUNTS with value undefined
2025-10-29T12:06:28.690Z 	 info: AccountDataStore:init() Fallback to default emulator account devstoreaccount1.
2025-10-29T12:06:28.721Z 	 info: QueueGCManager:markSweepLoop() Start new mark and sweep.
2025-10-29T12:06:28.722Z 	 info: QueueGCManger:markSweep() Get all extents.
2025-10-29T12:06:28.722Z 	 info: QueueGCManager:marksweep() Get 0 extents.
2025-10-29T12:06:28.722Z 	 info: QueueGCManager:markSweep() Get referred extents, then remove from allExtents.
2025-10-29T12:06:28.722Z 	 info: QueueGCManager:markSweep() Got referred extents, unreferenced extents count is 0.
2025-10-29T12:06:28.723Z 	 info: QueueGCManager:markSweepLoop() Mark and sweep finished, take 1ms.
2025-10-29T12:06:28.723Z 	 info: QueueGCManager:markSweepLoop() Sleep for 60000
2025-10-29T12:06:28.723Z 	 info: AccountDataStore:init() Refresh accounts from environment variable AZURITE_ACCOUNTS with value undefined
2025-10-29T12:06:28.723Z 	 info: AccountDataStore:init() Fallback to default emulator account devstoreaccount1.
2025-10-29T12:07:28.626Z 	 info: AccountDataStore:init() Refresh accounts from environment variable AZURITE_ACCOUNTS with value undefined
2025-10-29T12:07:28.626Z 	 info: AccountDataStore:init() Fallback to default emulator account devstoreaccount1.
2025-10-29T12:07:28.704Z 	 info: AccountDataStore:init() Refresh accounts from environment variable AZURITE_ACCOUNTS with value undefined
2025-10-29T12:07:28.704Z 	 info: AccountDataStore:init() Fallback to default emulator account devstoreaccount1.
2025-10-29T12:07:28.736Z 	 info: QueueGCManager:markSweepLoop() Start new mark and sweep.
2025-10-29T12:07:28.737Z 	 info: QueueGCManger:markSweep() Get all extents.
2025-10-29T12:07:28.738Z 	 info: QueueGCManager:marksweep() Get 0 extents.
2025-10-29T12:07:28.738Z 	 info: QueueGCManager:markSweep() Get referred extents, then remove from allExtents.
2025-10-29T12:07:28.738Z 	 info: QueueGCManager:markSweep() Got referred extents, unreferenced extents count is 0.
2025-10-29T12:07:28.738Z 	 info: QueueGCManager:markSweepLoop() Mark and sweep finished, take 1ms.
2025-10-29T12:07:28.739Z 	 info: QueueGCManager:markSweepLoop() Sleep for 60000
2025-10-29T12:07:28.739Z 	 info: AccountDataStore:init() Refresh accounts from environment variable AZURITE_ACCOUNTS with value undefined
2025-10-29T12:07:28.739Z 	 info: AccountDataStore:init() Fallback to default emulator account devstoreaccount1.
2025-10-29T12:08:28.629Z 	 info: AccountDataStore:init() Refresh accounts from environment variable AZURITE_ACCOUNTS with value undefined
2025-10-29T12:08:28.629Z 	 info: AccountDataStore:init() Fallback to default emulator account devstoreaccount1.
2025-10-29T12:08:28.714Z 	 info: AccountDataStore:init() Refresh accounts from environment variable AZURITE_ACCOUNTS with value undefined
2025-10-29T12:08:28.714Z 	 info: AccountDataStore:init() Fallback to default emulator account devstoreaccount1.
2025-10-29T12:08:28.751Z 	 info: QueueGCManager:markSweepLoop() Start new mark and sweep.
2025-10-29T12:08:28.751Z 	 info: QueueGCManger:markSweep() Get all extents.
2025-10-29T12:08:28.752Z 	 info: QueueGCManager:marksweep() Get 0 extents.
2025-10-29T12:08:28.752Z 	 info: QueueGCManager:markSweep() Get referred extents, then remove from allExtents.
2025-10-29T12:08:28.752Z 	 info: QueueGCManager:markSweep() Got referred extents, unreferenced extents count is 0.
2025-10-29T12:08:28.752Z 	 info: QueueGCManager:markSweepLoop() Mark and sweep finished, take 1ms.
2025-10-29T12:08:28.752Z 	 info: QueueGCManager:markSweepLoop() Sleep for 60000
2025-10-29T12:08:28.752Z 	 info: AccountDataStore:init() Refresh accounts from environment variable AZURITE_ACCOUNTS with value undefined
2025-10-29T12:08:28.752Z 	 info: AccountDataStore:init() Fallback to default emulator account devstoreaccount1.
2025-10-29T12:09:28.636Z 	 info: AccountDataStore:init() Refresh accounts from environment variable AZURITE_ACCOUNTS with value undefined
2025-10-29T12:09:28.636Z 	 info: AccountDataStore:init() Fallback to default emulator account devstoreaccount1.
2025-10-29T12:09:28.719Z 	 info: AccountDataStore:init() Refresh accounts from environment variable AZURITE_ACCOUNTS with value undefined
2025-10-29T12:09:28.719Z 	 info: AccountDataStore:init() Fallback to default emulator account devstoreaccount1.
2025-10-29T12:09:28.753Z 	 info: QueueGCManager:markSweepLoop() Start new mark and sweep.
2025-10-29T12:09:28.753Z 	 info: QueueGCManger:markSweep() Get all extents.
2025-10-29T12:09:28.753Z 	 info: QueueGCManager:marksweep() Get 0 extents.
2025-10-29T12:09:28.753Z 	 info: QueueGCManager:markSweep() Get referred extents, then remove from allExtents.
2025-10-29T12:09:28.754Z 	 info: QueueGCManager:markSweep() Got referred extents, unreferenced extents count is 0.
2025-10-29T12:09:28.754Z 	 info: QueueGCManager:markSweepLoop() Mark and sweep finished, take 1ms.
2025-10-29T12:09:28.754Z 	 info: QueueGCManager:markSweepLoop() Sleep for 60000
2025-10-29T12:09:28.754Z 	 info: AccountDataStore:init() Refresh accounts from environment variable AZURITE_ACCOUNTS with value undefined
2025-10-29T12:09:28.754Z 	 info: AccountDataStore:init() Fallback to default emulator account devstoreaccount1.
2025-10-29T12:10:28.651Z 	 info: AccountDataStore:init() Refresh accounts from environment variable AZURITE_ACCOUNTS with value undefined
2025-10-29T12:10:28.651Z 	 info: AccountDataStore:init() Fallback to default emulator account devstoreaccount1.
2025-10-29T12:10:28.719Z 	 info: AccountDataStore:init() Refresh accounts from environment variable AZURITE_ACCOUNTS with value undefined
2025-10-29T12:10:28.719Z 	 info: AccountDataStore:init() Fallback to default emulator account devstoreaccount1.
2025-10-29T12:10:28.761Z 	 info: QueueGCManager:markSweepLoop() Start new mark and sweep.
2025-10-29T12:10:28.762Z 	 info: QueueGCManger:markSweep() Get all extents.
2025-10-29T12:10:28.762Z 	 info: QueueGCManager:marksweep() Get 0 extents.
2025-10-29T12:10:28.762Z 	 info: QueueGCManager:markSweep() Get referred extents, then remove from allExtents.
2025-10-29T12:10:28.762Z 	 info: QueueGCManager:markSweep() Got referred extents, unreferenced extents count is 0.
2025-10-29T12:10:28.762Z 	 info: QueueGCManager:markSweepLoop() Mark and sweep finished, take 0ms.
2025-10-29T12:10:28.762Z 	 info: QueueGCManager:markSweepLoop() Sleep for 60000
2025-10-29T12:10:28.762Z 	 info: AccountDataStore:init() Refresh accounts from environment variable AZURITE_ACCOUNTS with value undefined
2025-10-29T12:10:28.762Z 	 info: AccountDataStore:init() Fallback to default emulator account devstoreaccount1.
2025-10-29T12:11:28.653Z 	 info: AccountDataStore:init() Refresh accounts from environment variable AZURITE_ACCOUNTS with value undefined
2025-10-29T12:11:28.653Z 	 info: AccountDataStore:init() Fallback to default emulator account devstoreaccount1.
2025-10-29T12:11:28.724Z 	 info: AccountDataStore:init() Refresh accounts from environment variable AZURITE_ACCOUNTS with value undefined
2025-10-29T12:11:28.724Z 	 info: AccountDataStore:init() Fallback to default emulator account devstoreaccount1.
2025-10-29T12:11:28.764Z 	 info: QueueGCManager:markSweepLoop() Start new mark and sweep.
2025-10-29T12:11:28.764Z 	 info: QueueGCManger:markSweep() Get all extents.
2025-10-29T12:11:28.766Z 	 info: QueueGCManager:marksweep() Get 0 extents.
2025-10-29T12:11:28.766Z 	 info: QueueGCManager:markSweep() Get referred extents, then remove from allExtents.
2025-10-29T12:11:28.770Z 	 info: QueueGCManager:markSweep() Got referred extents, unreferenced extents count is 0.
2025-10-29T12:11:28.770Z 	 info: QueueGCManager:markSweepLoop() Mark and sweep finished, take 6ms.
2025-10-29T12:11:28.770Z 	 info: QueueGCManager:markSweepLoop() Sleep for 60000
2025-10-29T12:11:28.771Z 	 info: AccountDataStore:init() Refresh accounts from environment variable AZURITE_ACCOUNTS with value undefined
2025-10-29T12:11:28.771Z 	 info: AccountDataStore:init() Fallback to default emulator account devstoreaccount1.
2025-10-29T12:12:28.656Z 	 info: AccountDataStore:init() Refresh accounts from environment variable AZURITE_ACCOUNTS with value undefined
2025-10-29T12:12:28.656Z 	 info: AccountDataStore:init() Fallback to default emulator account devstoreaccount1.
2025-10-29T12:12:28.725Z 	 info: AccountDataStore:init() Refresh accounts from environment variable AZURITE_ACCOUNTS with value undefined
2025-10-29T12:12:28.725Z 	 info: AccountDataStore:init() Fallback to default emulator account devstoreaccount1.
2025-10-29T12:12:28.771Z 	 info: QueueGCManager:markSweepLoop() Start new mark and sweep.
2025-10-29T12:12:28.771Z 	 info: QueueGCManger:markSweep() Get all extents.
2025-10-29T12:12:28.773Z 	 info: QueueGCManager:marksweep() Get 0 extents.
2025-10-29T12:12:28.773Z 	 info: QueueGCManager:markSweep() Get referred extents, then remove from allExtents.
2025-10-29T12:12:28.776Z 	 info: QueueGCManager:markSweep() Got referred extents, unreferenced extents count is 0.
2025-10-29T12:12:28.776Z 	 info: QueueGCManager:markSweepLoop() Mark and sweep finished, take 5ms.
2025-10-29T12:12:28.776Z 	 info: QueueGCManager:markSweepLoop() Sleep for 60000
2025-10-29T12:12:28.778Z 	 info: AccountDataStore:init() Refresh accounts from environment variable AZURITE_ACCOUNTS with value undefined
2025-10-29T12:12:28.778Z 	 info: AccountDataStore:init() Fallback to default emulator account devstoreaccount1.
2025-10-29T12:13:28.657Z 	 info: AccountDataStore:init() Refresh accounts from environment variable AZURITE_ACCOUNTS with value undefined
2025-10-29T12:13:28.657Z 	 info: AccountDataStore:init() Fallback to default emulator account devstoreaccount1.
2025-10-29T12:13:28.740Z 	 info: AccountDataStore:init() Refresh accounts from environment variable AZURITE_ACCOUNTS with value undefined
2025-10-29T12:13:28.740Z 	 info: AccountDataStore:init() Fallback to default emulator account devstoreaccount1.
2025-10-29T12:13:28.792Z 	 info: QueueGCManager:markSweepLoop() Start new mark and sweep.
2025-10-29T12:13:28.792Z 	 info: QueueGCManger:markSweep() Get all extents.
2025-10-29T12:13:28.792Z 	 info: QueueGCManager:marksweep() Get 0 extents.
2025-10-29T12:13:28.792Z 	 info: QueueGCManager:markSweep() Get referred extents, then remove from allExtents.
2025-10-29T12:13:28.794Z 	 info: QueueGCManager:markSweep() Got referred extents, unreferenced extents count is 0.
2025-10-29T12:13:28.794Z 	 info: QueueGCManager:markSweepLoop() Mark and sweep finished, take 2ms.
2025-10-29T12:13:28.794Z 	 info: QueueGCManager:markSweepLoop() Sleep for 60000
2025-10-29T12:13:28.794Z 	 info: AccountDataStore:init() Refresh accounts from environment variable AZURITE_ACCOUNTS with value undefined
2025-10-29T12:13:28.794Z 	 info: AccountDataStore:init() Fallback to default emulator account devstoreaccount1.
2025-10-29T12:14:28.667Z 	 info: AccountDataStore:init() Refresh accounts from environment variable AZURITE_ACCOUNTS with value undefined
2025-10-29T12:14:28.668Z 	 info: AccountDataStore:init() Fallback to default emulator account devstoreaccount1.
2025-10-29T12:14:28.740Z 	 info: AccountDataStore:init() Refresh accounts from environment variable AZURITE_ACCOUNTS with value undefined
2025-10-29T12:14:28.740Z 	 info: AccountDataStore:init() Fallback to default emulator account devstoreaccount1.
2025-10-29T12:14:28.804Z 	 info: QueueGCManager:markSweepLoop() Start new mark and sweep.
2025-10-29T12:14:28.804Z 	 info: QueueGCManger:markSweep() Get all extents.
2025-10-29T12:14:28.806Z 	 info: QueueGCManager:marksweep() Get 0 extents.
2025-10-29T12:14:28.806Z 	 info: QueueGCManager:markSweep() Get referred extents, then remove from allExtents.
2025-10-29T12:14:28.806Z 	 info: QueueGCManager:markSweep() Got referred extents, unreferenced extents count is 0.
2025-10-29T12:14:28.806Z 	 info: QueueGCManager:markSweepLoop() Mark and sweep finished, take 2ms.
2025-10-29T12:14:28.806Z 	 info: QueueGCManager:markSweepLoop() Sleep for 60000
2025-10-29T12:14:28.807Z 	 info: AccountDataStore:init() Refresh accounts from environment variable AZURITE_ACCOUNTS with value undefined
2025-10-29T12:14:28.807Z 	 info: AccountDataStore:init() Fallback to default emulator account devstoreaccount1.
2025-10-29T12:23:27.136Z 	 info: Azurite Blob service is starting on 127.0.0.1:10000
2025-10-29T12:23:27.139Z 	 info: AccountDataStore:init() Refresh accounts from environment variable AZURITE_ACCOUNTS with value undefined
2025-10-29T12:23:27.139Z 	 info: AccountDataStore:init() Fallback to default emulator account devstoreaccount1.
2025-10-29T12:23:27.163Z 	 info: BlobGCManager:start() Starting BlobGCManager. Set status to Initializing.
2025-10-29T12:23:47.130Z 	 info: Azurite Blob service is starting on 127.0.0.1:10000
2025-10-29T12:23:47.134Z 	 info: AccountDataStore:init() Refresh accounts from environment variable AZURITE_ACCOUNTS with value undefined
2025-10-29T12:23:47.134Z 	 info: AccountDataStore:init() Fallback to default emulator account devstoreaccount1.
2025-10-29T12:23:47.171Z 	 info: BlobGCManager:start() Starting BlobGCManager. Set status to Initializing.
2025-10-29T12:23:47.171Z 	 info: BlobGCManager:start() Trigger mark and sweep loop. Set status to Running.
2025-10-29T12:23:47.171Z 	 info: BlobGCManager:markSweepLoop() Start next mark and sweep.
2025-10-29T12:23:47.172Z 	 info: BlobGCManager:markSweep() Get all extents.
2025-10-29T12:23:47.173Z 	 info: BlobGCManager:start() BlobGCManager successfully started.
2025-10-29T12:23:47.189Z 	 info: BlobGCManager:markSweep() Got 0 extents.
2025-10-29T12:23:47.189Z 	 info: BlobGCManager:markSweep() Get referred extents.
2025-10-29T12:23:47.190Z 	 info: BlobGCManager:markSweep() Got referred extents, unreferenced extents count is 0.
2025-10-29T12:23:47.190Z 	 info: BlobGCManager:markSweepLoop() Mark and sweep finished, taken 18ms.
2025-10-29T12:23:47.190Z 	 info: BlobGCManager:markSweepLoop() Sleep for 600000ms.
2025-10-29T12:23:47.199Z 	 info: Azurite Blob service successfully listens on http://127.0.0.1:10000
2025-10-29T12:23:47.200Z 	 info: Azurite Queue service is starting on 127.0.0.1:10001
2025-10-29T12:23:47.200Z 	 info: AccountDataStore:init() Refresh accounts from environment variable AZURITE_ACCOUNTS with value undefined
2025-10-29T12:23:47.200Z 	 info: AccountDataStore:init() Fallback to default emulator account devstoreaccount1.
2025-10-29T12:23:47.239Z 	 info: QueueGCManager:start() Starting QueueGCManager, set status to Initializing
2025-10-29T12:23:47.239Z 	 info: QueueGCManager:start() Trigger mark and sweep loop, set status to Running.
2025-10-29T12:23:47.239Z 	 info: QueueGCManager:markSweepLoop() Start new mark and sweep.
2025-10-29T12:23:47.240Z 	 info: QueueGCManger:markSweep() Get all extents.
2025-10-29T12:23:47.240Z 	 info: QueueGCManager:start() QueueGCManager successfully started.
2025-10-29T12:23:47.240Z 	 info: QueueGCManager:marksweep() Get 0 extents.
2025-10-29T12:23:47.240Z 	 info: QueueGCManager:markSweep() Get referred extents, then remove from allExtents.
2025-10-29T12:23:47.241Z 	 info: QueueGCManager:markSweep() Got referred extents, unreferenced extents count is 0.
2025-10-29T12:23:47.241Z 	 info: QueueGCManager:markSweepLoop() Mark and sweep finished, take 2ms.
2025-10-29T12:23:47.241Z 	 info: QueueGCManager:markSweepLoop() Sleep for 60000
2025-10-29T12:23:47.244Z 	 info: Azurite Queue service successfully listens on http://127.0.0.1:10001
2025-10-29T12:23:47.245Z 	 info: Azurite Table service is starting on 127.0.0.1:10002
2025-10-29T12:23:47.245Z 	 info: AccountDataStore:init() Refresh accounts from environment variable AZURITE_ACCOUNTS with value undefined
2025-10-29T12:23:47.245Z 	 info: AccountDataStore:init() Fallback to default emulator account devstoreaccount1.
2025-10-29T12:23:47.255Z 	 info: Azurite Table service successfully listens on http://127.0.0.1:10002
2025-10-29T12:23:47.257Z 	 info: InstaceID 2dc732c1-d9cc-4874-ba2a-d3a495bcad3c, SessionID d05e50c4-6ca8-4bdc-b32e-a7e3a6b8e078.
2025-10-29T12:23:47.378Z 	 info: Telemetry initialize successfully.
2025-10-29T12:23:47.391Z 	 verbose: Send start telemetry
2025-10-29T12:23:58.711Z f8e30b10-bef4-42d6-88ff-da2d6c285e0d info: TableStorageContextMiddleware: RequestMethod=GET RequestURL=http://127.0.0.1/ RequestHeaders:{"host":"127.0.0.1:10002","connection":"keep-alive","sec-ch-ua":"\"Google Chrome\";v=\"135\", \"Not-A.Brand\";v=\"8\", \"Chromium\";v=\"135\"","sec-ch-ua-mobile":"?0","sec-ch-ua-platform":"\"Windows\"","upgrade-insecure-requests":"1","user-agent":"Mozilla/5.0 (Windows NT 10.0; Win64; x64) AppleWebKit/537.36 (KHTML, like Gecko) Chrome/135.0.0.0 Safari/537.36","accept":"text/html,application/xhtml+xml,application/xml;q=0.9,image/avif,image/webp,image/apng,*/*;q=0.8,application/signed-exchange;v=b3;q=0.7","sec-fetch-site":"none","sec-fetch-mode":"navigate","sec-fetch-user":"?1","sec-fetch-dest":"document","accept-encoding":"gzip, deflate, br, zstd","accept-language":"en-US,en;q=0.9,nl;q=0.8"} ClientIP=127.0.0.1 Protocol=http HTTPVersion=1.1
2025-10-29T12:23:58.712Z f8e30b10-bef4-42d6-88ff-da2d6c285e0d debug: tableStorageContextMiddleware: Dispatch pattern string: /
2025-10-29T12:23:58.712Z f8e30b10-bef4-42d6-88ff-da2d6c285e0d info: tableStorageContextMiddleware: Account= tableName=undefined
2025-10-29T12:23:58.713Z f8e30b10-bef4-42d6-88ff-da2d6c285e0d verbose: DispatchMiddleware: Dispatching request...
2025-10-29T12:23:58.716Z f8e30b10-bef4-42d6-88ff-da2d6c285e0d error: DispatchMiddleware: Incoming URL doesn't match any of swagger defined request patterns.
2025-10-29T12:23:58.717Z f8e30b10-bef4-42d6-88ff-da2d6c285e0d error: ErrorMiddleware: Received a MiddlewareError, fill error information to HTTP response
2025-10-29T12:23:58.718Z f8e30b10-bef4-42d6-88ff-da2d6c285e0d error: ErrorMiddleware: ErrorName=UnsupportedRequestError ErrorMessage="Incoming URL doesn't match any of swagger defined request patterns."  ErrorHTTPStatusCode=400 ErrorHTTPStatusMessage=undefined ErrorHTTPHeaders=undefined ErrorHTTPBody=undefined ErrorStack="\"UnsupportedRequestError: Incoming URL doesn't match any of swagger defined request patterns.\\n    at dispatchMiddleware (C:\\\\Users\\\\djmik\\\\AppData\\\\Roaming\\\\npm\\\\node_modules\\\\azurite\\\\dist\\\\src\\\\table\\\\generated\\\\middleware\\\\dispatch.middleware.js:41:30)\\n    at C:\\\\Users\\\\djmik\\\\AppData\\\\Roaming\\\\npm\\\\node_modules\\\\azurite\\\\dist\\\\src\\\\table\\\\generated\\\\ExpressMiddlewareFactory.js:49:47\\n    at Layer.handle [as handle_request] (C:\\\\Users\\\\djmik\\\\AppData\\\\Roaming\\\\npm\\\\node_modules\\\\azurite\\\\node_modules\\\\express\\\\lib\\\\router\\\\layer.js:95:5)\\n    at trim_prefix (C:\\\\Users\\\\djmik\\\\AppData\\\\Roaming\\\\npm\\\\node_modules\\\\azurite\\\\node_modules\\\\express\\\\lib\\\\router\\\\index.js:328:13)\\n    at C:\\\\Users\\\\djmik\\\\AppData\\\\Roaming\\\\npm\\\\node_modules\\\\azurite\\\\node_modules\\\\express\\\\lib\\\\router\\\\index.js:286:9\\n    at Function.process_params (C:\\\\Users\\\\djmik\\\\AppData\\\\Roaming\\\\npm\\\\node_modules\\\\azurite\\\\node_modules\\\\express\\\\lib\\\\router\\\\index.js:346:12)\\n    at next (C:\\\\Users\\\\djmik\\\\AppData\\\\Roaming\\\\npm\\\\node_modules\\\\azurite\\\\node_modules\\\\express\\\\lib\\\\router\\\\index.js:280:10)\\n    at tableStorageContextMiddleware (C:\\\\Users\\\\djmik\\\\AppData\\\\Roaming\\\\npm\\\\node_modules\\\\azurite\\\\dist\\\\src\\\\table\\\\middleware\\\\tableStorageContext.middleware.js:126:5)\\n    at C:\\\\Users\\\\djmik\\\\AppData\\\\Roaming\\\\npm\\\\node_modules\\\\azurite\\\\dist\\\\src\\\\table\\\\middleware\\\\tableStorageContext.middleware.js:14:16\\n    at Layer.handle [as handle_request] (C:\\\\Users\\\\djmik\\\\AppData\\\\Roaming\\\\npm\\\\node_modules\\\\azurite\\\\node_modules\\\\express\\\\lib\\\\router\\\\layer.js:95:5)\""
2025-10-29T12:23:58.718Z f8e30b10-bef4-42d6-88ff-da2d6c285e0d error: ErrorMiddleware: Set HTTP code: 400
2025-10-29T12:23:58.718Z f8e30b10-bef4-42d6-88ff-da2d6c285e0d error: ErrorMiddleware: Set HTTP body: undefined
2025-10-29T12:23:58.721Z f8e30b10-bef4-42d6-88ff-da2d6c285e0d verbose: Send Table telemetry: T_Table_Query
2025-10-29T12:23:58.722Z f8e30b10-bef4-42d6-88ff-da2d6c285e0d info: EndMiddleware: End response. TotalTimeInMS=12 StatusCode=400 StatusMessage=undefined Headers={"server":"Azurite-Table/3.35.0"}
2025-10-29T12:24:47.134Z 	 info: AccountDataStore:init() Refresh accounts from environment variable AZURITE_ACCOUNTS with value undefined
2025-10-29T12:24:47.135Z 	 info: AccountDataStore:init() Fallback to default emulator account devstoreaccount1.
2025-10-29T12:24:47.201Z 	 info: AccountDataStore:init() Refresh accounts from environment variable AZURITE_ACCOUNTS with value undefined
2025-10-29T12:24:47.201Z 	 info: AccountDataStore:init() Fallback to default emulator account devstoreaccount1.
2025-10-29T12:24:47.248Z 	 info: QueueGCManager:markSweepLoop() Start new mark and sweep.
2025-10-29T12:24:47.248Z 	 info: QueueGCManger:markSweep() Get all extents.
2025-10-29T12:24:47.248Z 	 info: QueueGCManager:marksweep() Get 0 extents.
2025-10-29T12:24:47.248Z 	 info: QueueGCManager:markSweep() Get referred extents, then remove from allExtents.
2025-10-29T12:24:47.249Z 	 info: QueueGCManager:markSweep() Got referred extents, unreferenced extents count is 0.
2025-10-29T12:24:47.249Z 	 info: QueueGCManager:markSweepLoop() Mark and sweep finished, take 1ms.
2025-10-29T12:24:47.249Z 	 info: QueueGCManager:markSweepLoop() Sleep for 60000
2025-10-29T12:24:47.249Z 	 info: AccountDataStore:init() Refresh accounts from environment variable AZURITE_ACCOUNTS with value undefined
2025-10-29T12:24:47.249Z 	 info: AccountDataStore:init() Fallback to default emulator account devstoreaccount1.
2025-10-29T12:25:47.138Z 	 info: AccountDataStore:init() Refresh accounts from environment variable AZURITE_ACCOUNTS with value undefined
2025-10-29T12:25:47.138Z 	 info: AccountDataStore:init() Fallback to default emulator account devstoreaccount1.
2025-10-29T12:25:47.202Z 	 info: AccountDataStore:init() Refresh accounts from environment variable AZURITE_ACCOUNTS with value undefined
2025-10-29T12:25:47.202Z 	 info: AccountDataStore:init() Fallback to default emulator account devstoreaccount1.
2025-10-29T12:25:47.263Z 	 info: QueueGCManager:markSweepLoop() Start new mark and sweep.
2025-10-29T12:25:47.264Z 	 info: QueueGCManger:markSweep() Get all extents.
2025-10-29T12:25:47.264Z 	 info: QueueGCManager:marksweep() Get 0 extents.
2025-10-29T12:25:47.264Z 	 info: QueueGCManager:markSweep() Get referred extents, then remove from allExtents.
2025-10-29T12:25:47.265Z 	 info: QueueGCManager:markSweep() Got referred extents, unreferenced extents count is 0.
2025-10-29T12:25:47.265Z 	 info: QueueGCManager:markSweepLoop() Mark and sweep finished, take 1ms.
2025-10-29T12:25:47.265Z 	 info: QueueGCManager:markSweepLoop() Sleep for 60000
2025-10-29T12:25:47.265Z 	 info: AccountDataStore:init() Refresh accounts from environment variable AZURITE_ACCOUNTS with value undefined
2025-10-29T12:25:47.265Z 	 info: AccountDataStore:init() Fallback to default emulator account devstoreaccount1.
2025-10-29T12:26:47.139Z 	 info: AccountDataStore:init() Refresh accounts from environment variable AZURITE_ACCOUNTS with value undefined
2025-10-29T12:26:47.139Z 	 info: AccountDataStore:init() Fallback to default emulator account devstoreaccount1.
2025-10-29T12:26:47.206Z 	 info: AccountDataStore:init() Refresh accounts from environment variable AZURITE_ACCOUNTS with value undefined
2025-10-29T12:26:47.206Z 	 info: AccountDataStore:init() Fallback to default emulator account devstoreaccount1.
2025-10-29T12:26:47.273Z 	 info: QueueGCManager:markSweepLoop() Start new mark and sweep.
2025-10-29T12:26:47.274Z 	 info: QueueGCManger:markSweep() Get all extents.
2025-10-29T12:26:47.274Z 	 info: QueueGCManager:marksweep() Get 0 extents.
2025-10-29T12:26:47.274Z 	 info: QueueGCManager:markSweep() Get referred extents, then remove from allExtents.
2025-10-29T12:26:47.275Z 	 info: QueueGCManager:markSweep() Got referred extents, unreferenced extents count is 0.
2025-10-29T12:26:47.275Z 	 info: QueueGCManager:markSweepLoop() Mark and sweep finished, take 1ms.
2025-10-29T12:26:47.275Z 	 info: QueueGCManager:markSweepLoop() Sleep for 60000
2025-10-29T12:26:47.275Z 	 info: AccountDataStore:init() Refresh accounts from environment variable AZURITE_ACCOUNTS with value undefined
2025-10-29T12:26:47.275Z 	 info: AccountDataStore:init() Fallback to default emulator account devstoreaccount1.
2025-10-29T12:27:45.451Z 	 info: Azurite Blob service is starting on 127.0.0.1:10000
2025-10-29T12:27:45.456Z 	 info: AccountDataStore:init() Refresh accounts from environment variable AZURITE_ACCOUNTS with value undefined
2025-10-29T12:27:45.457Z 	 info: AccountDataStore:init() Fallback to default emulator account devstoreaccount1.
2025-10-29T12:27:45.512Z 	 info: BlobGCManager:start() Starting BlobGCManager. Set status to Initializing.
2025-10-29T12:27:45.513Z 	 info: BlobGCManager:start() Trigger mark and sweep loop. Set status to Running.
2025-10-29T12:27:45.514Z 	 info: BlobGCManager:markSweepLoop() Start next mark and sweep.
2025-10-29T12:27:45.515Z 	 info: BlobGCManager:markSweep() Get all extents.
2025-10-29T12:27:45.518Z 	 info: BlobGCManager:start() BlobGCManager successfully started.
2025-10-29T12:27:45.553Z 	 info: BlobGCManager:markSweep() Got 0 extents.
2025-10-29T12:27:45.553Z 	 info: BlobGCManager:markSweep() Get referred extents.
2025-10-29T12:27:45.555Z 	 info: BlobGCManager:markSweep() Got referred extents, unreferenced extents count is 0.
2025-10-29T12:27:45.555Z 	 info: BlobGCManager:markSweepLoop() Mark and sweep finished, taken 41ms.
2025-10-29T12:27:45.555Z 	 info: BlobGCManager:markSweepLoop() Sleep for 600000ms.
2025-10-29T12:27:45.572Z 	 info: Azurite Blob service successfully listens on http://127.0.0.1:10000
2025-10-29T12:27:45.575Z 	 info: Azurite Queue service is starting on 127.0.0.1:10001
2025-10-29T12:27:45.576Z 	 info: AccountDataStore:init() Refresh accounts from environment variable AZURITE_ACCOUNTS with value undefined
2025-10-29T12:27:45.576Z 	 info: AccountDataStore:init() Fallback to default emulator account devstoreaccount1.
2025-10-29T12:27:45.609Z 	 info: QueueGCManager:start() Starting QueueGCManager, set status to Initializing
2025-10-29T12:27:45.610Z 	 info: QueueGCManager:start() Trigger mark and sweep loop, set status to Running.
2025-10-29T12:27:45.610Z 	 info: QueueGCManager:markSweepLoop() Start new mark and sweep.
2025-10-29T12:27:45.611Z 	 info: QueueGCManger:markSweep() Get all extents.
2025-10-29T12:27:45.611Z 	 info: QueueGCManager:start() QueueGCManager successfully started.
2025-10-29T12:27:45.612Z 	 info: QueueGCManager:marksweep() Get 0 extents.
2025-10-29T12:27:45.612Z 	 info: QueueGCManager:markSweep() Get referred extents, then remove from allExtents.
2025-10-29T12:27:45.613Z 	 info: QueueGCManager:markSweep() Got referred extents, unreferenced extents count is 0.
2025-10-29T12:27:45.613Z 	 info: QueueGCManager:markSweepLoop() Mark and sweep finished, take 3ms.
2025-10-29T12:27:45.613Z 	 info: QueueGCManager:markSweepLoop() Sleep for 60000
2025-10-29T12:27:45.618Z 	 info: Azurite Queue service successfully listens on http://127.0.0.1:10001
2025-10-29T12:27:45.621Z 	 info: Azurite Table service is starting on 127.0.0.1:10002
2025-10-29T12:27:45.621Z 	 info: AccountDataStore:init() Refresh accounts from environment variable AZURITE_ACCOUNTS with value undefined
2025-10-29T12:27:45.621Z 	 info: AccountDataStore:init() Fallback to default emulator account devstoreaccount1.
2025-10-29T12:27:45.648Z 	 info: Azurite Table service successfully listens on http://127.0.0.1:10002
2025-10-29T12:27:45.650Z 	 info: InstaceID 2dc732c1-d9cc-4874-ba2a-d3a495bcad3c, SessionID f59236cb-24be-4ba0-9ae8-f61ec337aa43.
2025-10-29T12:27:45.773Z 	 info: Telemetry initialize successfully.
2025-10-29T12:27:45.785Z 	 verbose: Send start telemetry
2025-10-29T12:28:45.458Z 	 info: AccountDataStore:init() Refresh accounts from environment variable AZURITE_ACCOUNTS with value undefined
2025-10-29T12:28:45.459Z 	 info: AccountDataStore:init() Fallback to default emulator account devstoreaccount1.
2025-10-29T12:28:45.578Z 	 info: AccountDataStore:init() Refresh accounts from environment variable AZURITE_ACCOUNTS with value undefined
2025-10-29T12:28:45.579Z 	 info: AccountDataStore:init() Fallback to default emulator account devstoreaccount1.
2025-10-29T12:28:45.629Z 	 info: QueueGCManager:markSweepLoop() Start new mark and sweep.
2025-10-29T12:28:45.629Z 	 info: QueueGCManger:markSweep() Get all extents.
2025-10-29T12:28:45.630Z 	 info: QueueGCManager:marksweep() Get 0 extents.
2025-10-29T12:28:45.630Z 	 info: QueueGCManager:markSweep() Get referred extents, then remove from allExtents.
2025-10-29T12:28:45.630Z 	 info: QueueGCManager:markSweep() Got referred extents, unreferenced extents count is 0.
2025-10-29T12:28:45.631Z 	 info: QueueGCManager:markSweepLoop() Mark and sweep finished, take 2ms.
2025-10-29T12:28:45.631Z 	 info: QueueGCManager:markSweepLoop() Sleep for 60000
2025-10-29T12:28:45.631Z 	 info: AccountDataStore:init() Refresh accounts from environment variable AZURITE_ACCOUNTS with value undefined
2025-10-29T12:28:45.631Z 	 info: AccountDataStore:init() Fallback to default emulator account devstoreaccount1.
2025-10-29T12:29:45.459Z 	 info: AccountDataStore:init() Refresh accounts from environment variable AZURITE_ACCOUNTS with value undefined
2025-10-29T12:29:45.459Z 	 info: AccountDataStore:init() Fallback to default emulator account devstoreaccount1.
2025-10-29T12:29:45.590Z 	 info: AccountDataStore:init() Refresh accounts from environment variable AZURITE_ACCOUNTS with value undefined
2025-10-29T12:29:45.590Z 	 info: AccountDataStore:init() Fallback to default emulator account devstoreaccount1.
2025-10-29T12:29:45.642Z 	 info: QueueGCManager:markSweepLoop() Start new mark and sweep.
2025-10-29T12:29:45.642Z 	 info: QueueGCManger:markSweep() Get all extents.
2025-10-29T12:29:45.643Z 	 info: QueueGCManager:marksweep() Get 0 extents.
2025-10-29T12:29:45.643Z 	 info: QueueGCManager:markSweep() Get referred extents, then remove from allExtents.
2025-10-29T12:29:45.643Z 	 info: QueueGCManager:markSweep() Got referred extents, unreferenced extents count is 0.
2025-10-29T12:29:45.643Z 	 info: QueueGCManager:markSweepLoop() Mark and sweep finished, take 1ms.
2025-10-29T12:29:45.643Z 	 info: QueueGCManager:markSweepLoop() Sleep for 60000
2025-10-29T12:29:45.644Z 	 info: AccountDataStore:init() Refresh accounts from environment variable AZURITE_ACCOUNTS with value undefined
2025-10-29T12:29:45.644Z 	 info: AccountDataStore:init() Fallback to default emulator account devstoreaccount1.
2025-10-29T12:30:45.462Z 	 info: AccountDataStore:init() Refresh accounts from environment variable AZURITE_ACCOUNTS with value undefined
2025-10-29T12:30:45.462Z 	 info: AccountDataStore:init() Fallback to default emulator account devstoreaccount1.
2025-10-29T12:30:45.596Z 	 info: AccountDataStore:init() Refresh accounts from environment variable AZURITE_ACCOUNTS with value undefined
2025-10-29T12:30:45.596Z 	 info: AccountDataStore:init() Fallback to default emulator account devstoreaccount1.
2025-10-29T12:30:45.646Z 	 info: QueueGCManager:markSweepLoop() Start new mark and sweep.
2025-10-29T12:30:45.648Z 	 info: QueueGCManger:markSweep() Get all extents.
2025-10-29T12:30:45.650Z 	 info: QueueGCManager:marksweep() Get 0 extents.
2025-10-29T12:30:45.650Z 	 info: QueueGCManager:markSweep() Get referred extents, then remove from allExtents.
2025-10-29T12:30:45.650Z 	 info: QueueGCManager:markSweep() Got referred extents, unreferenced extents count is 0.
2025-10-29T12:30:45.650Z 	 info: QueueGCManager:markSweepLoop() Mark and sweep finished, take 2ms.
2025-10-29T12:30:45.650Z 	 info: QueueGCManager:markSweepLoop() Sleep for 60000
2025-10-29T12:30:45.651Z 	 info: AccountDataStore:init() Refresh accounts from environment variable AZURITE_ACCOUNTS with value undefined
2025-10-29T12:30:45.651Z 	 info: AccountDataStore:init() Fallback to default emulator account devstoreaccount1.
2025-10-29T12:31:45.464Z 	 info: AccountDataStore:init() Refresh accounts from environment variable AZURITE_ACCOUNTS with value undefined
2025-10-29T12:31:45.464Z 	 info: AccountDataStore:init() Fallback to default emulator account devstoreaccount1.
2025-10-29T12:31:45.606Z 	 info: AccountDataStore:init() Refresh accounts from environment variable AZURITE_ACCOUNTS with value undefined
2025-10-29T12:31:45.606Z 	 info: AccountDataStore:init() Fallback to default emulator account devstoreaccount1.
2025-10-29T12:31:45.652Z 	 info: QueueGCManager:markSweepLoop() Start new mark and sweep.
2025-10-29T12:31:45.652Z 	 info: QueueGCManger:markSweep() Get all extents.
2025-10-29T12:31:45.652Z 	 info: QueueGCManager:marksweep() Get 0 extents.
2025-10-29T12:31:45.652Z 	 info: QueueGCManager:markSweep() Get referred extents, then remove from allExtents.
2025-10-29T12:31:45.653Z 	 info: QueueGCManager:markSweep() Got referred extents, unreferenced extents count is 0.
2025-10-29T12:31:45.653Z 	 info: QueueGCManager:markSweepLoop() Mark and sweep finished, take 1ms.
2025-10-29T12:31:45.653Z 	 info: QueueGCManager:markSweepLoop() Sleep for 60000
2025-10-29T12:31:45.653Z 	 info: AccountDataStore:init() Refresh accounts from environment variable AZURITE_ACCOUNTS with value undefined
2025-10-29T12:31:45.653Z 	 info: AccountDataStore:init() Fallback to default emulator account devstoreaccount1.
2025-10-29T12:32:45.467Z 	 info: AccountDataStore:init() Refresh accounts from environment variable AZURITE_ACCOUNTS with value undefined
2025-10-29T12:32:45.467Z 	 info: AccountDataStore:init() Fallback to default emulator account devstoreaccount1.
2025-10-29T12:32:45.610Z 	 info: AccountDataStore:init() Refresh accounts from environment variable AZURITE_ACCOUNTS with value undefined
2025-10-29T12:32:45.610Z 	 info: AccountDataStore:init() Fallback to default emulator account devstoreaccount1.
2025-10-29T12:32:45.658Z 	 info: QueueGCManager:markSweepLoop() Start new mark and sweep.
2025-10-29T12:32:45.658Z 	 info: QueueGCManger:markSweep() Get all extents.
2025-10-29T12:32:45.659Z 	 info: QueueGCManager:marksweep() Get 0 extents.
2025-10-29T12:32:45.659Z 	 info: QueueGCManager:markSweep() Get referred extents, then remove from allExtents.
2025-10-29T12:32:45.659Z 	 info: QueueGCManager:markSweep() Got referred extents, unreferenced extents count is 0.
2025-10-29T12:32:45.659Z 	 info: QueueGCManager:markSweepLoop() Mark and sweep finished, take 1ms.
2025-10-29T12:32:45.659Z 	 info: QueueGCManager:markSweepLoop() Sleep for 60000
2025-10-29T12:32:45.659Z 	 info: AccountDataStore:init() Refresh accounts from environment variable AZURITE_ACCOUNTS with value undefined
2025-10-29T12:32:45.659Z 	 info: AccountDataStore:init() Fallback to default emulator account devstoreaccount1.
2025-10-29T12:33:45.467Z 	 info: AccountDataStore:init() Refresh accounts from environment variable AZURITE_ACCOUNTS with value undefined
2025-10-29T12:33:45.467Z 	 info: AccountDataStore:init() Fallback to default emulator account devstoreaccount1.
2025-10-29T12:33:45.618Z 	 info: AccountDataStore:init() Refresh accounts from environment variable AZURITE_ACCOUNTS with value undefined
2025-10-29T12:33:45.619Z 	 info: AccountDataStore:init() Fallback to default emulator account devstoreaccount1.
2025-10-29T12:33:45.666Z 	 info: QueueGCManager:markSweepLoop() Start new mark and sweep.
2025-10-29T12:33:45.667Z 	 info: QueueGCManger:markSweep() Get all extents.
2025-10-29T12:33:45.668Z 	 info: QueueGCManager:marksweep() Get 0 extents.
2025-10-29T12:33:45.669Z 	 info: QueueGCManager:markSweep() Get referred extents, then remove from allExtents.
2025-10-29T12:33:45.669Z 	 info: QueueGCManager:markSweep() Got referred extents, unreferenced extents count is 0.
2025-10-29T12:33:45.669Z 	 info: QueueGCManager:markSweepLoop() Mark and sweep finished, take 2ms.
2025-10-29T12:33:45.670Z 	 info: QueueGCManager:markSweepLoop() Sleep for 60000
2025-10-29T12:33:45.670Z 	 info: AccountDataStore:init() Refresh accounts from environment variable AZURITE_ACCOUNTS with value undefined
2025-10-29T12:33:45.670Z 	 info: AccountDataStore:init() Fallback to default emulator account devstoreaccount1.
2025-10-29T12:34:45.468Z 	 info: AccountDataStore:init() Refresh accounts from environment variable AZURITE_ACCOUNTS with value undefined
2025-10-29T12:34:45.469Z 	 info: AccountDataStore:init() Fallback to default emulator account devstoreaccount1.
2025-10-29T12:34:45.620Z 	 info: AccountDataStore:init() Refresh accounts from environment variable AZURITE_ACCOUNTS with value undefined
2025-10-29T12:34:45.621Z 	 info: AccountDataStore:init() Fallback to default emulator account devstoreaccount1.
2025-10-29T12:34:45.684Z 	 info: QueueGCManager:markSweepLoop() Start new mark and sweep.
2025-10-29T12:34:45.684Z 	 info: QueueGCManger:markSweep() Get all extents.
2025-10-29T12:34:45.685Z 	 info: QueueGCManager:marksweep() Get 0 extents.
2025-10-29T12:34:45.685Z 	 info: QueueGCManager:markSweep() Get referred extents, then remove from allExtents.
2025-10-29T12:34:45.689Z 	 info: QueueGCManager:markSweep() Got referred extents, unreferenced extents count is 0.
2025-10-29T12:34:45.689Z 	 info: QueueGCManager:markSweepLoop() Mark and sweep finished, take 5ms.
2025-10-29T12:34:45.689Z 	 info: QueueGCManager:markSweepLoop() Sleep for 60000
2025-10-29T12:34:45.689Z 	 info: AccountDataStore:init() Refresh accounts from environment variable AZURITE_ACCOUNTS with value undefined
2025-10-29T12:34:45.690Z 	 info: AccountDataStore:init() Fallback to default emulator account devstoreaccount1.
2025-10-29T12:35:45.471Z 	 info: AccountDataStore:init() Refresh accounts from environment variable AZURITE_ACCOUNTS with value undefined
2025-10-29T12:35:45.472Z 	 info: AccountDataStore:init() Fallback to default emulator account devstoreaccount1.
2025-10-29T12:35:45.624Z 	 info: AccountDataStore:init() Refresh accounts from environment variable AZURITE_ACCOUNTS with value undefined
2025-10-29T12:35:45.624Z 	 info: AccountDataStore:init() Fallback to default emulator account devstoreaccount1.
2025-10-29T12:35:45.695Z 	 info: QueueGCManager:markSweepLoop() Start new mark and sweep.
2025-10-29T12:35:45.695Z 	 info: QueueGCManger:markSweep() Get all extents.
2025-10-29T12:35:45.695Z 	 info: QueueGCManager:marksweep() Get 0 extents.
2025-10-29T12:35:45.695Z 	 info: QueueGCManager:markSweep() Get referred extents, then remove from allExtents.
2025-10-29T12:35:45.695Z 	 info: QueueGCManager:markSweep() Got referred extents, unreferenced extents count is 0.
2025-10-29T12:35:45.695Z 	 info: QueueGCManager:markSweepLoop() Mark and sweep finished, take 0ms.
2025-10-29T12:35:45.696Z 	 info: QueueGCManager:markSweepLoop() Sleep for 60000
2025-10-29T12:35:45.696Z 	 info: AccountDataStore:init() Refresh accounts from environment variable AZURITE_ACCOUNTS with value undefined
2025-10-29T12:35:45.696Z 	 info: AccountDataStore:init() Fallback to default emulator account devstoreaccount1.
2025-10-29T12:36:45.477Z 	 info: AccountDataStore:init() Refresh accounts from environment variable AZURITE_ACCOUNTS with value undefined
2025-10-29T12:36:45.477Z 	 info: AccountDataStore:init() Fallback to default emulator account devstoreaccount1.
2025-10-29T12:36:45.634Z 	 info: AccountDataStore:init() Refresh accounts from environment variable AZURITE_ACCOUNTS with value undefined
2025-10-29T12:36:45.634Z 	 info: AccountDataStore:init() Fallback to default emulator account devstoreaccount1.
2025-10-29T12:36:45.703Z 	 info: QueueGCManager:markSweepLoop() Start new mark and sweep.
2025-10-29T12:36:45.703Z 	 info: QueueGCManger:markSweep() Get all extents.
2025-10-29T12:36:45.705Z 	 info: QueueGCManager:marksweep() Get 0 extents.
2025-10-29T12:36:45.705Z 	 info: QueueGCManager:markSweep() Get referred extents, then remove from allExtents.
2025-10-29T12:36:45.705Z 	 info: QueueGCManager:markSweep() Got referred extents, unreferenced extents count is 0.
2025-10-29T12:36:45.705Z 	 info: QueueGCManager:markSweepLoop() Mark and sweep finished, take 2ms.
2025-10-29T12:36:45.705Z 	 info: QueueGCManager:markSweepLoop() Sleep for 60000
2025-10-29T12:36:45.706Z 	 info: AccountDataStore:init() Refresh accounts from environment variable AZURITE_ACCOUNTS with value undefined
2025-10-29T12:36:45.706Z 	 info: AccountDataStore:init() Fallback to default emulator account devstoreaccount1.
2025-10-29T12:37:45.486Z 	 info: AccountDataStore:init() Refresh accounts from environment variable AZURITE_ACCOUNTS with value undefined
2025-10-29T12:37:45.486Z 	 info: AccountDataStore:init() Fallback to default emulator account devstoreaccount1.
2025-10-29T12:37:45.560Z 	 info: BlobGCManager:markSweepLoop() Start next mark and sweep.
2025-10-29T12:37:45.561Z 	 info: BlobGCManager:markSweep() Get all extents.
2025-10-29T12:37:45.561Z 	 info: BlobGCManager:markSweep() Got 0 extents.
2025-10-29T12:37:45.561Z 	 info: BlobGCManager:markSweep() Get referred extents.
2025-10-29T12:37:45.567Z 	 info: BlobGCManager:markSweep() Got referred extents, unreferenced extents count is 0.
2025-10-29T12:37:45.568Z 	 info: BlobGCManager:markSweepLoop() Mark and sweep finished, taken 7ms.
2025-10-29T12:37:45.568Z 	 info: BlobGCManager:markSweepLoop() Sleep for 600000ms.
2025-10-29T12:37:45.638Z 	 info: AccountDataStore:init() Refresh accounts from environment variable AZURITE_ACCOUNTS with value undefined
2025-10-29T12:37:45.638Z 	 info: AccountDataStore:init() Fallback to default emulator account devstoreaccount1.
2025-10-29T12:37:45.719Z 	 info: QueueGCManager:markSweepLoop() Start new mark and sweep.
2025-10-29T12:37:45.719Z 	 info: QueueGCManger:markSweep() Get all extents.
2025-10-29T12:37:45.721Z 	 info: QueueGCManager:marksweep() Get 0 extents.
2025-10-29T12:37:45.721Z 	 info: QueueGCManager:markSweep() Get referred extents, then remove from allExtents.
2025-10-29T12:37:45.721Z 	 info: QueueGCManager:markSweep() Got referred extents, unreferenced extents count is 0.
2025-10-29T12:37:45.721Z 	 info: QueueGCManager:markSweepLoop() Mark and sweep finished, take 2ms.
2025-10-29T12:37:45.721Z 	 info: QueueGCManager:markSweepLoop() Sleep for 60000
2025-10-29T12:37:45.722Z 	 info: AccountDataStore:init() Refresh accounts from environment variable AZURITE_ACCOUNTS with value undefined
2025-10-29T12:37:45.722Z 	 info: AccountDataStore:init() Fallback to default emulator account devstoreaccount1.
2025-10-29T12:38:45.485Z 	 info: AccountDataStore:init() Refresh accounts from environment variable AZURITE_ACCOUNTS with value undefined
2025-10-29T12:38:45.485Z 	 info: AccountDataStore:init() Fallback to default emulator account devstoreaccount1.
2025-10-29T12:38:45.646Z 	 info: AccountDataStore:init() Refresh accounts from environment variable AZURITE_ACCOUNTS with value undefined
2025-10-29T12:38:45.646Z 	 info: AccountDataStore:init() Fallback to default emulator account devstoreaccount1.
2025-10-29T12:38:45.736Z 	 info: QueueGCManager:markSweepLoop() Start new mark and sweep.
2025-10-29T12:38:45.737Z 	 info: QueueGCManger:markSweep() Get all extents.
2025-10-29T12:38:45.738Z 	 info: QueueGCManager:marksweep() Get 0 extents.
2025-10-29T12:38:45.738Z 	 info: QueueGCManager:markSweep() Get referred extents, then remove from allExtents.
2025-10-29T12:38:45.738Z 	 info: QueueGCManager:markSweep() Got referred extents, unreferenced extents count is 0.
2025-10-29T12:38:45.738Z 	 info: QueueGCManager:markSweepLoop() Mark and sweep finished, take 1ms.
2025-10-29T12:38:45.738Z 	 info: QueueGCManager:markSweepLoop() Sleep for 60000
2025-10-29T12:38:45.738Z 	 info: AccountDataStore:init() Refresh accounts from environment variable AZURITE_ACCOUNTS with value undefined
2025-10-29T12:38:45.738Z 	 info: AccountDataStore:init() Fallback to default emulator account devstoreaccount1.
2025-10-29T12:39:45.500Z 	 info: AccountDataStore:init() Refresh accounts from environment variable AZURITE_ACCOUNTS with value undefined
2025-10-29T12:39:45.502Z 	 info: AccountDataStore:init() Fallback to default emulator account devstoreaccount1.
2025-10-29T12:39:45.654Z 	 info: AccountDataStore:init() Refresh accounts from environment variable AZURITE_ACCOUNTS with value undefined
2025-10-29T12:39:45.654Z 	 info: AccountDataStore:init() Fallback to default emulator account devstoreaccount1.
2025-10-29T12:39:45.749Z 	 info: QueueGCManager:markSweepLoop() Start new mark and sweep.
2025-10-29T12:39:45.749Z 	 info: QueueGCManger:markSweep() Get all extents.
2025-10-29T12:39:45.749Z 	 info: QueueGCManager:marksweep() Get 0 extents.
2025-10-29T12:39:45.750Z 	 info: QueueGCManager:markSweep() Get referred extents, then remove from allExtents.
2025-10-29T12:39:45.750Z 	 info: QueueGCManager:markSweep() Got referred extents, unreferenced extents count is 0.
2025-10-29T12:39:45.750Z 	 info: QueueGCManager:markSweepLoop() Mark and sweep finished, take 1ms.
2025-10-29T12:39:45.751Z 	 info: QueueGCManager:markSweepLoop() Sleep for 60000
2025-10-29T12:39:45.751Z 	 info: AccountDataStore:init() Refresh accounts from environment variable AZURITE_ACCOUNTS with value undefined
2025-10-29T12:39:45.751Z 	 info: AccountDataStore:init() Fallback to default emulator account devstoreaccount1.
2025-10-29T12:40:45.505Z 	 info: AccountDataStore:init() Refresh accounts from environment variable AZURITE_ACCOUNTS with value undefined
2025-10-29T12:40:45.506Z 	 info: AccountDataStore:init() Fallback to default emulator account devstoreaccount1.
2025-10-29T12:40:45.654Z 	 info: AccountDataStore:init() Refresh accounts from environment variable AZURITE_ACCOUNTS with value undefined
2025-10-29T12:40:45.654Z 	 info: AccountDataStore:init() Fallback to default emulator account devstoreaccount1.
2025-10-29T12:40:45.756Z 	 info: QueueGCManager:markSweepLoop() Start new mark and sweep.
2025-10-29T12:40:45.757Z 	 info: QueueGCManger:markSweep() Get all extents.
2025-10-29T12:40:45.758Z 	 info: QueueGCManager:marksweep() Get 0 extents.
2025-10-29T12:40:45.758Z 	 info: QueueGCManager:markSweep() Get referred extents, then remove from allExtents.
2025-10-29T12:40:45.759Z 	 info: QueueGCManager:markSweep() Got referred extents, unreferenced extents count is 0.
2025-10-29T12:40:45.759Z 	 info: QueueGCManager:markSweepLoop() Mark and sweep finished, take 3ms.
2025-10-29T12:40:45.759Z 	 info: QueueGCManager:markSweepLoop() Sleep for 60000
2025-10-29T12:40:45.759Z 	 info: AccountDataStore:init() Refresh accounts from environment variable AZURITE_ACCOUNTS with value undefined
2025-10-29T12:40:45.759Z 	 info: AccountDataStore:init() Fallback to default emulator account devstoreaccount1.
2025-10-29T12:41:45.514Z 	 info: AccountDataStore:init() Refresh accounts from environment variable AZURITE_ACCOUNTS with value undefined
2025-10-29T12:41:45.515Z 	 info: AccountDataStore:init() Fallback to default emulator account devstoreaccount1.
2025-10-29T12:41:45.668Z 	 info: AccountDataStore:init() Refresh accounts from environment variable AZURITE_ACCOUNTS with value undefined
2025-10-29T12:41:45.668Z 	 info: AccountDataStore:init() Fallback to default emulator account devstoreaccount1.
2025-10-29T12:41:45.763Z 	 info: QueueGCManager:markSweepLoop() Start new mark and sweep.
2025-10-29T12:41:45.763Z 	 info: QueueGCManger:markSweep() Get all extents.
2025-10-29T12:41:45.763Z 	 info: QueueGCManager:marksweep() Get 0 extents.
2025-10-29T12:41:45.763Z 	 info: QueueGCManager:markSweep() Get referred extents, then remove from allExtents.
2025-10-29T12:41:45.763Z 	 info: QueueGCManager:markSweep() Got referred extents, unreferenced extents count is 0.
2025-10-29T12:41:45.764Z 	 info: QueueGCManager:markSweepLoop() Mark and sweep finished, take 1ms.
2025-10-29T12:41:45.764Z 	 info: QueueGCManager:markSweepLoop() Sleep for 60000
2025-10-29T12:41:45.764Z 	 info: AccountDataStore:init() Refresh accounts from environment variable AZURITE_ACCOUNTS with value undefined
2025-10-29T12:41:45.764Z 	 info: AccountDataStore:init() Fallback to default emulator account devstoreaccount1.
2025-10-29T12:42:45.523Z 	 info: AccountDataStore:init() Refresh accounts from environment variable AZURITE_ACCOUNTS with value undefined
2025-10-29T12:42:45.523Z 	 info: AccountDataStore:init() Fallback to default emulator account devstoreaccount1.
2025-10-29T12:42:45.718Z 	 info: AccountDataStore:init() Refresh accounts from environment variable AZURITE_ACCOUNTS with value undefined
2025-10-29T12:42:45.718Z 	 info: AccountDataStore:init() Fallback to default emulator account devstoreaccount1.
2025-10-29T12:42:45.771Z 	 info: QueueGCManager:markSweepLoop() Start new mark and sweep.
2025-10-29T12:42:45.772Z 	 info: QueueGCManger:markSweep() Get all extents.
2025-10-29T12:42:45.772Z 	 info: QueueGCManager:marksweep() Get 0 extents.
2025-10-29T12:42:45.772Z 	 info: QueueGCManager:markSweep() Get referred extents, then remove from allExtents.
2025-10-29T12:42:45.772Z 	 info: QueueGCManager:markSweep() Got referred extents, unreferenced extents count is 0.
2025-10-29T12:42:45.772Z 	 info: QueueGCManager:markSweepLoop() Mark and sweep finished, take 0ms.
2025-10-29T12:42:45.772Z 	 info: QueueGCManager:markSweepLoop() Sleep for 60000
2025-10-29T12:42:45.773Z 	 info: AccountDataStore:init() Refresh accounts from environment variable AZURITE_ACCOUNTS with value undefined
2025-10-29T12:42:45.773Z 	 info: AccountDataStore:init() Fallback to default emulator account devstoreaccount1.
2025-10-29T12:43:45.526Z 	 info: AccountDataStore:init() Refresh accounts from environment variable AZURITE_ACCOUNTS with value undefined
2025-10-29T12:43:45.526Z 	 info: AccountDataStore:init() Fallback to default emulator account devstoreaccount1.
2025-10-29T12:43:45.725Z 	 info: AccountDataStore:init() Refresh accounts from environment variable AZURITE_ACCOUNTS with value undefined
2025-10-29T12:43:45.725Z 	 info: AccountDataStore:init() Fallback to default emulator account devstoreaccount1.
2025-10-29T12:43:45.776Z 	 info: QueueGCManager:markSweepLoop() Start new mark and sweep.
2025-10-29T12:43:45.776Z 	 info: QueueGCManger:markSweep() Get all extents.
2025-10-29T12:43:45.776Z 	 info: QueueGCManager:marksweep() Get 0 extents.
2025-10-29T12:43:45.776Z 	 info: QueueGCManager:markSweep() Get referred extents, then remove from allExtents.
2025-10-29T12:43:45.776Z 	 info: QueueGCManager:markSweep() Got referred extents, unreferenced extents count is 0.
2025-10-29T12:43:45.776Z 	 info: QueueGCManager:markSweepLoop() Mark and sweep finished, take 0ms.
2025-10-29T12:43:45.777Z 	 info: QueueGCManager:markSweepLoop() Sleep for 60000
2025-10-29T12:43:45.777Z 	 info: AccountDataStore:init() Refresh accounts from environment variable AZURITE_ACCOUNTS with value undefined
2025-10-29T12:43:45.778Z 	 info: AccountDataStore:init() Fallback to default emulator account devstoreaccount1.
2025-10-29T12:44:45.527Z 	 info: AccountDataStore:init() Refresh accounts from environment variable AZURITE_ACCOUNTS with value undefined
2025-10-29T12:44:45.527Z 	 info: AccountDataStore:init() Fallback to default emulator account devstoreaccount1.
2025-10-29T12:44:45.730Z 	 info: AccountDataStore:init() Refresh accounts from environment variable AZURITE_ACCOUNTS with value undefined
2025-10-29T12:44:45.731Z 	 info: AccountDataStore:init() Fallback to default emulator account devstoreaccount1.
2025-10-29T12:44:45.778Z 	 info: QueueGCManager:markSweepLoop() Start new mark and sweep.
2025-10-29T12:44:45.779Z 	 info: QueueGCManger:markSweep() Get all extents.
2025-10-29T12:44:45.779Z 	 info: QueueGCManager:marksweep() Get 0 extents.
2025-10-29T12:44:45.779Z 	 info: QueueGCManager:markSweep() Get referred extents, then remove from allExtents.
2025-10-29T12:44:45.779Z 	 info: QueueGCManager:markSweep() Got referred extents, unreferenced extents count is 0.
2025-10-29T12:44:45.779Z 	 info: QueueGCManager:markSweepLoop() Mark and sweep finished, take 1ms.
2025-10-29T12:44:45.780Z 	 info: QueueGCManager:markSweepLoop() Sleep for 60000
2025-10-29T12:44:45.780Z 	 info: AccountDataStore:init() Refresh accounts from environment variable AZURITE_ACCOUNTS with value undefined
2025-10-29T12:44:45.780Z 	 info: AccountDataStore:init() Fallback to default emulator account devstoreaccount1.
2025-10-29T12:45:45.533Z 	 info: AccountDataStore:init() Refresh accounts from environment variable AZURITE_ACCOUNTS with value undefined
2025-10-29T12:45:45.533Z 	 info: AccountDataStore:init() Fallback to default emulator account devstoreaccount1.
2025-10-29T12:45:45.746Z 	 info: AccountDataStore:init() Refresh accounts from environment variable AZURITE_ACCOUNTS with value undefined
2025-10-29T12:45:45.746Z 	 info: AccountDataStore:init() Fallback to default emulator account devstoreaccount1.
2025-10-29T12:45:45.794Z 	 info: QueueGCManager:markSweepLoop() Start new mark and sweep.
2025-10-29T12:45:45.795Z 	 info: QueueGCManger:markSweep() Get all extents.
2025-10-29T12:45:45.795Z 	 info: QueueGCManager:marksweep() Get 0 extents.
2025-10-29T12:45:45.796Z 	 info: QueueGCManager:markSweep() Get referred extents, then remove from allExtents.
2025-10-29T12:45:45.796Z 	 info: QueueGCManager:markSweep() Got referred extents, unreferenced extents count is 0.
2025-10-29T12:45:45.796Z 	 info: QueueGCManager:markSweepLoop() Mark and sweep finished, take 1ms.
2025-10-29T12:45:45.796Z 	 info: QueueGCManager:markSweepLoop() Sleep for 60000
2025-10-29T12:45:45.797Z 	 info: AccountDataStore:init() Refresh accounts from environment variable AZURITE_ACCOUNTS with value undefined
2025-10-29T12:45:45.797Z 	 info: AccountDataStore:init() Fallback to default emulator account devstoreaccount1.
2025-10-29T12:46:45.545Z 	 info: AccountDataStore:init() Refresh accounts from environment variable AZURITE_ACCOUNTS with value undefined
2025-10-29T12:46:45.545Z 	 info: AccountDataStore:init() Fallback to default emulator account devstoreaccount1.
2025-10-29T12:46:45.752Z 	 info: AccountDataStore:init() Refresh accounts from environment variable AZURITE_ACCOUNTS with value undefined
2025-10-29T12:46:45.752Z 	 info: AccountDataStore:init() Fallback to default emulator account devstoreaccount1.
2025-10-29T12:46:45.800Z 	 info: QueueGCManager:markSweepLoop() Start new mark and sweep.
2025-10-29T12:46:45.800Z 	 info: QueueGCManger:markSweep() Get all extents.
2025-10-29T12:46:45.800Z 	 info: QueueGCManager:marksweep() Get 0 extents.
2025-10-29T12:46:45.800Z 	 info: QueueGCManager:markSweep() Get referred extents, then remove from allExtents.
2025-10-29T12:46:45.800Z 	 info: QueueGCManager:markSweep() Got referred extents, unreferenced extents count is 0.
2025-10-29T12:46:45.801Z 	 info: QueueGCManager:markSweepLoop() Mark and sweep finished, take 1ms.
2025-10-29T12:46:45.801Z 	 info: QueueGCManager:markSweepLoop() Sleep for 60000
2025-10-29T12:46:45.801Z 	 info: AccountDataStore:init() Refresh accounts from environment variable AZURITE_ACCOUNTS with value undefined
2025-10-29T12:46:45.801Z 	 info: AccountDataStore:init() Fallback to default emulator account devstoreaccount1.
2025-10-29T12:47:45.555Z 	 info: AccountDataStore:init() Refresh accounts from environment variable AZURITE_ACCOUNTS with value undefined
2025-10-29T12:47:45.555Z 	 info: AccountDataStore:init() Fallback to default emulator account devstoreaccount1.
2025-10-29T12:47:45.572Z 	 info: BlobGCManager:markSweepLoop() Start next mark and sweep.
2025-10-29T12:47:45.572Z 	 info: BlobGCManager:markSweep() Get all extents.
2025-10-29T12:47:45.573Z 	 info: BlobGCManager:markSweep() Got 0 extents.
2025-10-29T12:47:45.573Z 	 info: BlobGCManager:markSweep() Get referred extents.
2025-10-29T12:47:45.576Z 	 info: BlobGCManager:markSweep() Got referred extents, unreferenced extents count is 0.
2025-10-29T12:47:45.576Z 	 info: BlobGCManager:markSweepLoop() Mark and sweep finished, taken 4ms.
2025-10-29T12:47:45.577Z 	 info: BlobGCManager:markSweepLoop() Sleep for 600000ms.
2025-10-29T12:47:45.758Z 	 info: AccountDataStore:init() Refresh accounts from environment variable AZURITE_ACCOUNTS with value undefined
2025-10-29T12:47:45.758Z 	 info: AccountDataStore:init() Fallback to default emulator account devstoreaccount1.
2025-10-29T12:47:45.806Z 	 info: QueueGCManager:markSweepLoop() Start new mark and sweep.
2025-10-29T12:47:45.806Z 	 info: QueueGCManger:markSweep() Get all extents.
2025-10-29T12:47:45.806Z 	 info: QueueGCManager:marksweep() Get 0 extents.
2025-10-29T12:47:45.806Z 	 info: QueueGCManager:markSweep() Get referred extents, then remove from allExtents.
2025-10-29T12:47:45.807Z 	 info: QueueGCManager:markSweep() Got referred extents, unreferenced extents count is 0.
2025-10-29T12:47:45.807Z 	 info: QueueGCManager:markSweepLoop() Mark and sweep finished, take 1ms.
2025-10-29T12:47:45.807Z 	 info: QueueGCManager:markSweepLoop() Sleep for 60000
2025-10-29T12:47:45.807Z 	 info: AccountDataStore:init() Refresh accounts from environment variable AZURITE_ACCOUNTS with value undefined
2025-10-29T12:47:45.807Z 	 info: AccountDataStore:init() Fallback to default emulator account devstoreaccount1.
2025-10-29T12:48:45.568Z 	 info: AccountDataStore:init() Refresh accounts from environment variable AZURITE_ACCOUNTS with value undefined
2025-10-29T12:48:45.568Z 	 info: AccountDataStore:init() Fallback to default emulator account devstoreaccount1.
2025-10-29T12:48:45.770Z 	 info: AccountDataStore:init() Refresh accounts from environment variable AZURITE_ACCOUNTS with value undefined
2025-10-29T12:48:45.770Z 	 info: AccountDataStore:init() Fallback to default emulator account devstoreaccount1.
2025-10-29T12:48:45.815Z 	 info: QueueGCManager:markSweepLoop() Start new mark and sweep.
2025-10-29T12:48:45.816Z 	 info: QueueGCManger:markSweep() Get all extents.
2025-10-29T12:48:45.817Z 	 info: QueueGCManager:marksweep() Get 0 extents.
2025-10-29T12:48:45.817Z 	 info: QueueGCManager:markSweep() Get referred extents, then remove from allExtents.
2025-10-29T12:48:45.817Z 	 info: QueueGCManager:markSweep() Got referred extents, unreferenced extents count is 0.
2025-10-29T12:48:45.817Z 	 info: QueueGCManager:markSweepLoop() Mark and sweep finished, take 1ms.
2025-10-29T12:48:45.817Z 	 info: QueueGCManager:markSweepLoop() Sleep for 60000
2025-10-29T12:48:45.818Z 	 info: AccountDataStore:init() Refresh accounts from environment variable AZURITE_ACCOUNTS with value undefined
2025-10-29T12:48:45.818Z 	 info: AccountDataStore:init() Fallback to default emulator account devstoreaccount1.
2025-10-29T12:49:45.583Z 	 info: AccountDataStore:init() Refresh accounts from environment variable AZURITE_ACCOUNTS with value undefined
2025-10-29T12:49:45.584Z 	 info: AccountDataStore:init() Fallback to default emulator account devstoreaccount1.
2025-10-29T12:49:45.782Z 	 info: AccountDataStore:init() Refresh accounts from environment variable AZURITE_ACCOUNTS with value undefined
2025-10-29T12:49:45.783Z 	 info: AccountDataStore:init() Fallback to default emulator account devstoreaccount1.
2025-10-29T12:49:45.819Z 	 info: QueueGCManager:markSweepLoop() Start new mark and sweep.
2025-10-29T12:49:45.819Z 	 info: QueueGCManger:markSweep() Get all extents.
2025-10-29T12:49:45.820Z 	 info: QueueGCManager:marksweep() Get 0 extents.
2025-10-29T12:49:45.820Z 	 info: QueueGCManager:markSweep() Get referred extents, then remove from allExtents.
2025-10-29T12:49:45.820Z 	 info: QueueGCManager:markSweep() Got referred extents, unreferenced extents count is 0.
2025-10-29T12:49:45.820Z 	 info: QueueGCManager:markSweepLoop() Mark and sweep finished, take 1ms.
2025-10-29T12:49:45.821Z 	 info: QueueGCManager:markSweepLoop() Sleep for 60000
2025-10-29T12:49:45.821Z 	 info: AccountDataStore:init() Refresh accounts from environment variable AZURITE_ACCOUNTS with value undefined
2025-10-29T12:49:45.821Z 	 info: AccountDataStore:init() Fallback to default emulator account devstoreaccount1.
2025-10-29T12:50:45.584Z 	 info: AccountDataStore:init() Refresh accounts from environment variable AZURITE_ACCOUNTS with value undefined
2025-10-29T12:50:45.584Z 	 info: AccountDataStore:init() Fallback to default emulator account devstoreaccount1.
2025-10-29T12:50:45.789Z 	 info: AccountDataStore:init() Refresh accounts from environment variable AZURITE_ACCOUNTS with value undefined
2025-10-29T12:50:45.790Z 	 info: AccountDataStore:init() Fallback to default emulator account devstoreaccount1.
2025-10-29T12:50:45.820Z 	 info: QueueGCManager:markSweepLoop() Start new mark and sweep.
2025-10-29T12:50:45.821Z 	 info: QueueGCManger:markSweep() Get all extents.
2025-10-29T12:50:45.821Z 	 info: QueueGCManager:marksweep() Get 0 extents.
2025-10-29T12:50:45.821Z 	 info: QueueGCManager:markSweep() Get referred extents, then remove from allExtents.
2025-10-29T12:50:45.821Z 	 info: QueueGCManager:markSweep() Got referred extents, unreferenced extents count is 0.
2025-10-29T12:50:45.821Z 	 info: QueueGCManager:markSweepLoop() Mark and sweep finished, take 0ms.
2025-10-29T12:50:45.821Z 	 info: QueueGCManager:markSweepLoop() Sleep for 60000
2025-10-29T12:50:45.822Z 	 info: AccountDataStore:init() Refresh accounts from environment variable AZURITE_ACCOUNTS with value undefined
2025-10-29T12:50:45.822Z 	 info: AccountDataStore:init() Fallback to default emulator account devstoreaccount1.
2025-10-29T12:51:45.586Z 	 info: AccountDataStore:init() Refresh accounts from environment variable AZURITE_ACCOUNTS with value undefined
2025-10-29T12:51:45.587Z 	 info: AccountDataStore:init() Fallback to default emulator account devstoreaccount1.
2025-10-29T12:51:45.799Z 	 info: AccountDataStore:init() Refresh accounts from environment variable AZURITE_ACCOUNTS with value undefined
2025-10-29T12:51:45.799Z 	 info: AccountDataStore:init() Fallback to default emulator account devstoreaccount1.
2025-10-29T12:51:45.831Z 	 info: QueueGCManager:markSweepLoop() Start new mark and sweep.
2025-10-29T12:51:45.832Z 	 info: QueueGCManger:markSweep() Get all extents.
2025-10-29T12:51:45.832Z 	 info: QueueGCManager:marksweep() Get 0 extents.
2025-10-29T12:51:45.832Z 	 info: QueueGCManager:markSweep() Get referred extents, then remove from allExtents.
2025-10-29T12:51:45.833Z 	 info: QueueGCManager:markSweep() Got referred extents, unreferenced extents count is 0.
2025-10-29T12:51:45.833Z 	 info: QueueGCManager:markSweepLoop() Mark and sweep finished, take 1ms.
2025-10-29T12:51:45.833Z 	 info: QueueGCManager:markSweepLoop() Sleep for 60000
2025-10-29T12:51:45.834Z 	 info: AccountDataStore:init() Refresh accounts from environment variable AZURITE_ACCOUNTS with value undefined
2025-10-29T12:51:45.834Z 	 info: AccountDataStore:init() Fallback to default emulator account devstoreaccount1.
2025-10-29T12:52:45.592Z 	 info: AccountDataStore:init() Refresh accounts from environment variable AZURITE_ACCOUNTS with value undefined
2025-10-29T12:52:45.592Z 	 info: AccountDataStore:init() Fallback to default emulator account devstoreaccount1.
2025-10-29T12:52:45.801Z 	 info: AccountDataStore:init() Refresh accounts from environment variable AZURITE_ACCOUNTS with value undefined
2025-10-29T12:52:45.802Z 	 info: AccountDataStore:init() Fallback to default emulator account devstoreaccount1.
2025-10-29T12:52:45.845Z 	 info: QueueGCManager:markSweepLoop() Start new mark and sweep.
2025-10-29T12:52:45.845Z 	 info: QueueGCManger:markSweep() Get all extents.
2025-10-29T12:52:45.846Z 	 info: QueueGCManager:marksweep() Get 0 extents.
2025-10-29T12:52:45.846Z 	 info: QueueGCManager:markSweep() Get referred extents, then remove from allExtents.
2025-10-29T12:52:45.846Z 	 info: QueueGCManager:markSweep() Got referred extents, unreferenced extents count is 0.
2025-10-29T12:52:45.847Z 	 info: QueueGCManager:markSweepLoop() Mark and sweep finished, take 2ms.
2025-10-29T12:52:45.847Z 	 info: QueueGCManager:markSweepLoop() Sleep for 60000
2025-10-29T12:52:45.847Z 	 info: AccountDataStore:init() Refresh accounts from environment variable AZURITE_ACCOUNTS with value undefined
2025-10-29T12:52:45.847Z 	 info: AccountDataStore:init() Fallback to default emulator account devstoreaccount1.
2025-10-29T12:53:45.592Z 	 info: AccountDataStore:init() Refresh accounts from environment variable AZURITE_ACCOUNTS with value undefined
2025-10-29T12:53:45.593Z 	 info: AccountDataStore:init() Fallback to default emulator account devstoreaccount1.
2025-10-29T12:53:45.805Z 	 info: AccountDataStore:init() Refresh accounts from environment variable AZURITE_ACCOUNTS with value undefined
2025-10-29T12:53:45.805Z 	 info: AccountDataStore:init() Fallback to default emulator account devstoreaccount1.
2025-10-29T12:53:45.852Z 	 info: QueueGCManager:markSweepLoop() Start new mark and sweep.
2025-10-29T12:53:45.852Z 	 info: QueueGCManger:markSweep() Get all extents.
2025-10-29T12:53:45.852Z 	 info: QueueGCManager:marksweep() Get 0 extents.
2025-10-29T12:53:45.852Z 	 info: QueueGCManager:markSweep() Get referred extents, then remove from allExtents.
2025-10-29T12:53:45.853Z 	 info: QueueGCManager:markSweep() Got referred extents, unreferenced extents count is 0.
2025-10-29T12:53:45.853Z 	 info: QueueGCManager:markSweepLoop() Mark and sweep finished, take 1ms.
2025-10-29T12:53:45.853Z 	 info: QueueGCManager:markSweepLoop() Sleep for 60000
2025-10-29T12:53:45.853Z 	 info: AccountDataStore:init() Refresh accounts from environment variable AZURITE_ACCOUNTS with value undefined
2025-10-29T12:53:45.853Z 	 info: AccountDataStore:init() Fallback to default emulator account devstoreaccount1.
2025-10-29T12:54:45.601Z 	 info: AccountDataStore:init() Refresh accounts from environment variable AZURITE_ACCOUNTS with value undefined
2025-10-29T12:54:45.601Z 	 info: AccountDataStore:init() Fallback to default emulator account devstoreaccount1.
2025-10-29T12:54:45.804Z 	 info: AccountDataStore:init() Refresh accounts from environment variable AZURITE_ACCOUNTS with value undefined
2025-10-29T12:54:45.805Z 	 info: AccountDataStore:init() Fallback to default emulator account devstoreaccount1.
2025-10-29T12:54:45.867Z 	 info: QueueGCManager:markSweepLoop() Start new mark and sweep.
2025-10-29T12:54:45.868Z 	 info: QueueGCManger:markSweep() Get all extents.
2025-10-29T12:54:45.869Z 	 info: QueueGCManager:marksweep() Get 0 extents.
2025-10-29T12:54:45.869Z 	 info: QueueGCManager:markSweep() Get referred extents, then remove from allExtents.
2025-10-29T12:54:45.870Z 	 info: QueueGCManager:markSweep() Got referred extents, unreferenced extents count is 0.
2025-10-29T12:54:45.870Z 	 info: QueueGCManager:markSweepLoop() Mark and sweep finished, take 2ms.
2025-10-29T12:54:45.870Z 	 info: QueueGCManager:markSweepLoop() Sleep for 60000
2025-10-29T12:54:45.871Z 	 info: AccountDataStore:init() Refresh accounts from environment variable AZURITE_ACCOUNTS with value undefined
2025-10-29T12:54:45.871Z 	 info: AccountDataStore:init() Fallback to default emulator account devstoreaccount1.
2025-10-29T12:55:45.611Z 	 info: AccountDataStore:init() Refresh accounts from environment variable AZURITE_ACCOUNTS with value undefined
2025-10-29T12:55:45.611Z 	 info: AccountDataStore:init() Fallback to default emulator account devstoreaccount1.
2025-10-29T12:55:45.807Z 	 info: AccountDataStore:init() Refresh accounts from environment variable AZURITE_ACCOUNTS with value undefined
2025-10-29T12:55:45.808Z 	 info: AccountDataStore:init() Fallback to default emulator account devstoreaccount1.
2025-10-29T12:55:45.880Z 	 info: QueueGCManager:markSweepLoop() Start new mark and sweep.
2025-10-29T12:55:45.881Z 	 info: QueueGCManger:markSweep() Get all extents.
2025-10-29T12:55:45.881Z 	 info: QueueGCManager:marksweep() Get 0 extents.
2025-10-29T12:55:45.881Z 	 info: QueueGCManager:markSweep() Get referred extents, then remove from allExtents.
2025-10-29T12:55:45.881Z 	 info: QueueGCManager:markSweep() Got referred extents, unreferenced extents count is 0.
2025-10-29T12:55:45.881Z 	 info: QueueGCManager:markSweepLoop() Mark and sweep finished, take 1ms.
2025-10-29T12:55:45.881Z 	 info: QueueGCManager:markSweepLoop() Sleep for 60000
2025-10-29T12:55:45.882Z 	 info: AccountDataStore:init() Refresh accounts from environment variable AZURITE_ACCOUNTS with value undefined
2025-10-29T12:55:45.882Z 	 info: AccountDataStore:init() Fallback to default emulator account devstoreaccount1.
2025-10-29T12:56:45.619Z 	 info: AccountDataStore:init() Refresh accounts from environment variable AZURITE_ACCOUNTS with value undefined
2025-10-29T12:56:45.620Z 	 info: AccountDataStore:init() Fallback to default emulator account devstoreaccount1.
2025-10-29T12:56:45.811Z 	 info: AccountDataStore:init() Refresh accounts from environment variable AZURITE_ACCOUNTS with value undefined
2025-10-29T12:56:45.811Z 	 info: AccountDataStore:init() Fallback to default emulator account devstoreaccount1.
2025-10-29T12:56:45.894Z 	 info: QueueGCManager:markSweepLoop() Start new mark and sweep.
2025-10-29T12:56:45.895Z 	 info: QueueGCManger:markSweep() Get all extents.
2025-10-29T12:56:45.896Z 	 info: QueueGCManager:marksweep() Get 0 extents.
2025-10-29T12:56:45.896Z 	 info: QueueGCManager:markSweep() Get referred extents, then remove from allExtents.
2025-10-29T12:56:45.896Z 	 info: QueueGCManager:markSweep() Got referred extents, unreferenced extents count is 0.
2025-10-29T12:56:45.896Z 	 info: QueueGCManager:markSweepLoop() Mark and sweep finished, take 1ms.
2025-10-29T12:56:45.896Z 	 info: QueueGCManager:markSweepLoop() Sleep for 60000
2025-10-29T12:56:45.897Z 	 info: AccountDataStore:init() Refresh accounts from environment variable AZURITE_ACCOUNTS with value undefined
2025-10-29T12:56:45.897Z 	 info: AccountDataStore:init() Fallback to default emulator account devstoreaccount1.
2025-10-29T12:57:45.581Z 	 info: BlobGCManager:markSweepLoop() Start next mark and sweep.
2025-10-29T12:57:45.582Z 	 info: BlobGCManager:markSweep() Get all extents.
2025-10-29T12:57:45.582Z 	 info: BlobGCManager:markSweep() Got 0 extents.
2025-10-29T12:57:45.583Z 	 info: BlobGCManager:markSweep() Get referred extents.
2025-10-29T12:57:45.587Z 	 info: BlobGCManager:markSweep() Got referred extents, unreferenced extents count is 0.
2025-10-29T12:57:45.587Z 	 info: BlobGCManager:markSweepLoop() Mark and sweep finished, taken 5ms.
2025-10-29T12:57:45.588Z 	 info: BlobGCManager:markSweepLoop() Sleep for 600000ms.
2025-10-29T12:57:45.626Z 	 info: AccountDataStore:init() Refresh accounts from environment variable AZURITE_ACCOUNTS with value undefined
2025-10-29T12:57:45.626Z 	 info: AccountDataStore:init() Fallback to default emulator account devstoreaccount1.
2025-10-29T12:57:45.816Z 	 info: AccountDataStore:init() Refresh accounts from environment variable AZURITE_ACCOUNTS with value undefined
2025-10-29T12:57:45.816Z 	 info: AccountDataStore:init() Fallback to default emulator account devstoreaccount1.
2025-10-29T12:57:45.909Z 	 info: QueueGCManager:markSweepLoop() Start new mark and sweep.
2025-10-29T12:57:45.910Z 	 info: QueueGCManger:markSweep() Get all extents.
2025-10-29T12:57:45.910Z 	 info: QueueGCManager:marksweep() Get 0 extents.
2025-10-29T12:57:45.910Z 	 info: QueueGCManager:markSweep() Get referred extents, then remove from allExtents.
2025-10-29T12:57:45.910Z 	 info: QueueGCManager:markSweep() Got referred extents, unreferenced extents count is 0.
2025-10-29T12:57:45.910Z 	 info: QueueGCManager:markSweepLoop() Mark and sweep finished, take 0ms.
2025-10-29T12:57:45.910Z 	 info: QueueGCManager:markSweepLoop() Sleep for 60000
2025-10-29T12:57:45.911Z 	 info: AccountDataStore:init() Refresh accounts from environment variable AZURITE_ACCOUNTS with value undefined
2025-10-29T12:57:45.911Z 	 info: AccountDataStore:init() Fallback to default emulator account devstoreaccount1.
2025-10-29T12:58:45.632Z 	 info: AccountDataStore:init() Refresh accounts from environment variable AZURITE_ACCOUNTS with value undefined
2025-10-29T12:58:45.633Z 	 info: AccountDataStore:init() Fallback to default emulator account devstoreaccount1.
2025-10-29T12:58:45.830Z 	 info: AccountDataStore:init() Refresh accounts from environment variable AZURITE_ACCOUNTS with value undefined
2025-10-29T12:58:45.830Z 	 info: AccountDataStore:init() Fallback to default emulator account devstoreaccount1.
2025-10-29T12:58:45.925Z 	 info: QueueGCManager:markSweepLoop() Start new mark and sweep.
2025-10-29T12:58:45.926Z 	 info: QueueGCManger:markSweep() Get all extents.
2025-10-29T12:58:45.926Z 	 info: QueueGCManager:marksweep() Get 0 extents.
2025-10-29T12:58:45.926Z 	 info: QueueGCManager:markSweep() Get referred extents, then remove from allExtents.
2025-10-29T12:58:45.933Z 	 info: QueueGCManager:markSweep() Got referred extents, unreferenced extents count is 0.
2025-10-29T12:58:45.933Z 	 info: QueueGCManager:markSweepLoop() Mark and sweep finished, take 7ms.
2025-10-29T12:58:45.933Z 	 info: QueueGCManager:markSweepLoop() Sleep for 60000
2025-10-29T12:58:45.933Z 	 info: AccountDataStore:init() Refresh accounts from environment variable AZURITE_ACCOUNTS with value undefined
2025-10-29T12:58:45.934Z 	 info: AccountDataStore:init() Fallback to default emulator account devstoreaccount1.
2025-10-29T12:59:45.637Z 	 info: AccountDataStore:init() Refresh accounts from environment variable AZURITE_ACCOUNTS with value undefined
2025-10-29T12:59:45.638Z 	 info: AccountDataStore:init() Fallback to default emulator account devstoreaccount1.
2025-10-29T12:59:45.837Z 	 info: AccountDataStore:init() Refresh accounts from environment variable AZURITE_ACCOUNTS with value undefined
2025-10-29T12:59:45.837Z 	 info: AccountDataStore:init() Fallback to default emulator account devstoreaccount1.
2025-10-29T12:59:45.936Z 	 info: QueueGCManager:markSweepLoop() Start new mark and sweep.
2025-10-29T12:59:45.937Z 	 info: QueueGCManger:markSweep() Get all extents.
2025-10-29T12:59:45.937Z 	 info: QueueGCManager:marksweep() Get 0 extents.
2025-10-29T12:59:45.937Z 	 info: QueueGCManager:markSweep() Get referred extents, then remove from allExtents.
2025-10-29T12:59:45.937Z 	 info: QueueGCManager:markSweep() Got referred extents, unreferenced extents count is 0.
2025-10-29T12:59:45.937Z 	 info: QueueGCManager:markSweepLoop() Mark and sweep finished, take 0ms.
2025-10-29T12:59:45.938Z 	 info: QueueGCManager:markSweepLoop() Sleep for 60000
2025-10-29T12:59:45.939Z 	 info: AccountDataStore:init() Refresh accounts from environment variable AZURITE_ACCOUNTS with value undefined
2025-10-29T12:59:45.939Z 	 info: AccountDataStore:init() Fallback to default emulator account devstoreaccount1.
2025-10-29T13:00:45.646Z 	 info: AccountDataStore:init() Refresh accounts from environment variable AZURITE_ACCOUNTS with value undefined
2025-10-29T13:00:45.646Z 	 info: AccountDataStore:init() Fallback to default emulator account devstoreaccount1.
2025-10-29T13:00:45.840Z 	 info: AccountDataStore:init() Refresh accounts from environment variable AZURITE_ACCOUNTS with value undefined
2025-10-29T13:00:45.840Z 	 info: AccountDataStore:init() Fallback to default emulator account devstoreaccount1.
2025-10-29T13:00:45.949Z 	 info: QueueGCManager:markSweepLoop() Start new mark and sweep.
2025-10-29T13:00:45.950Z 	 info: QueueGCManger:markSweep() Get all extents.
2025-10-29T13:00:45.950Z 	 info: QueueGCManager:marksweep() Get 0 extents.
2025-10-29T13:00:45.950Z 	 info: QueueGCManager:markSweep() Get referred extents, then remove from allExtents.
2025-10-29T13:00:45.951Z 	 info: QueueGCManager:markSweep() Got referred extents, unreferenced extents count is 0.
2025-10-29T13:00:45.951Z 	 info: QueueGCManager:markSweepLoop() Mark and sweep finished, take 1ms.
2025-10-29T13:00:45.951Z 	 info: QueueGCManager:markSweepLoop() Sleep for 60000
2025-10-29T13:00:45.951Z 	 info: AccountDataStore:init() Refresh accounts from environment variable AZURITE_ACCOUNTS with value undefined
2025-10-29T13:00:45.951Z 	 info: AccountDataStore:init() Fallback to default emulator account devstoreaccount1.
2025-10-29T13:01:45.658Z 	 info: AccountDataStore:init() Refresh accounts from environment variable AZURITE_ACCOUNTS with value undefined
2025-10-29T13:01:45.658Z 	 info: AccountDataStore:init() Fallback to default emulator account devstoreaccount1.
2025-10-29T13:01:45.850Z 	 info: AccountDataStore:init() Refresh accounts from environment variable AZURITE_ACCOUNTS with value undefined
2025-10-29T13:01:45.850Z 	 info: AccountDataStore:init() Fallback to default emulator account devstoreaccount1.
2025-10-29T13:01:45.952Z 	 info: QueueGCManager:markSweepLoop() Start new mark and sweep.
2025-10-29T13:01:45.952Z 	 info: QueueGCManger:markSweep() Get all extents.
2025-10-29T13:01:45.952Z 	 info: QueueGCManager:marksweep() Get 0 extents.
2025-10-29T13:01:45.952Z 	 info: QueueGCManager:markSweep() Get referred extents, then remove from allExtents.
2025-10-29T13:01:45.952Z 	 info: QueueGCManager:markSweep() Got referred extents, unreferenced extents count is 0.
2025-10-29T13:01:45.952Z 	 info: QueueGCManager:markSweepLoop() Mark and sweep finished, take 0ms.
2025-10-29T13:01:45.952Z 	 info: QueueGCManager:markSweepLoop() Sleep for 60000
2025-10-29T13:01:45.953Z 	 info: AccountDataStore:init() Refresh accounts from environment variable AZURITE_ACCOUNTS with value undefined
2025-10-29T13:01:45.953Z 	 info: AccountDataStore:init() Fallback to default emulator account devstoreaccount1.
2025-10-29T13:02:45.668Z 	 info: AccountDataStore:init() Refresh accounts from environment variable AZURITE_ACCOUNTS with value undefined
2025-10-29T13:02:45.668Z 	 info: AccountDataStore:init() Fallback to default emulator account devstoreaccount1.
2025-10-29T13:02:45.858Z 	 info: AccountDataStore:init() Refresh accounts from environment variable AZURITE_ACCOUNTS with value undefined
2025-10-29T13:02:45.858Z 	 info: AccountDataStore:init() Fallback to default emulator account devstoreaccount1.
2025-10-29T13:02:45.953Z 	 info: QueueGCManager:markSweepLoop() Start new mark and sweep.
2025-10-29T13:02:45.954Z 	 info: QueueGCManger:markSweep() Get all extents.
2025-10-29T13:02:45.955Z 	 info: QueueGCManager:marksweep() Get 0 extents.
2025-10-29T13:02:45.955Z 	 info: QueueGCManager:markSweep() Get referred extents, then remove from allExtents.
2025-10-29T13:02:45.955Z 	 info: QueueGCManager:markSweep() Got referred extents, unreferenced extents count is 0.
2025-10-29T13:02:45.955Z 	 info: QueueGCManager:markSweepLoop() Mark and sweep finished, take 1ms.
2025-10-29T13:02:45.955Z 	 info: QueueGCManager:markSweepLoop() Sleep for 60000
2025-10-29T13:02:45.956Z 	 info: AccountDataStore:init() Refresh accounts from environment variable AZURITE_ACCOUNTS with value undefined
2025-10-29T13:02:45.956Z 	 info: AccountDataStore:init() Fallback to default emulator account devstoreaccount1.
2025-10-29T13:03:45.678Z 	 info: AccountDataStore:init() Refresh accounts from environment variable AZURITE_ACCOUNTS with value undefined
2025-10-29T13:03:45.679Z 	 info: AccountDataStore:init() Fallback to default emulator account devstoreaccount1.
2025-10-29T13:03:45.860Z 	 info: AccountDataStore:init() Refresh accounts from environment variable AZURITE_ACCOUNTS with value undefined
2025-10-29T13:03:45.860Z 	 info: AccountDataStore:init() Fallback to default emulator account devstoreaccount1.
2025-10-29T13:03:45.966Z 	 info: QueueGCManager:markSweepLoop() Start new mark and sweep.
2025-10-29T13:03:45.967Z 	 info: QueueGCManger:markSweep() Get all extents.
2025-10-29T13:03:45.967Z 	 info: QueueGCManager:marksweep() Get 0 extents.
2025-10-29T13:03:45.967Z 	 info: QueueGCManager:markSweep() Get referred extents, then remove from allExtents.
2025-10-29T13:03:45.968Z 	 info: QueueGCManager:markSweep() Got referred extents, unreferenced extents count is 0.
2025-10-29T13:03:45.968Z 	 info: QueueGCManager:markSweepLoop() Mark and sweep finished, take 1ms.
2025-10-29T13:03:45.968Z 	 info: QueueGCManager:markSweepLoop() Sleep for 60000
2025-10-29T13:03:45.968Z 	 info: AccountDataStore:init() Refresh accounts from environment variable AZURITE_ACCOUNTS with value undefined
2025-10-29T13:03:45.969Z 	 info: AccountDataStore:init() Fallback to default emulator account devstoreaccount1.
2025-10-29T13:04:45.687Z 	 info: AccountDataStore:init() Refresh accounts from environment variable AZURITE_ACCOUNTS with value undefined
2025-10-29T13:04:45.687Z 	 info: AccountDataStore:init() Fallback to default emulator account devstoreaccount1.
2025-10-29T13:04:45.871Z 	 info: AccountDataStore:init() Refresh accounts from environment variable AZURITE_ACCOUNTS with value undefined
2025-10-29T13:04:45.872Z 	 info: AccountDataStore:init() Fallback to default emulator account devstoreaccount1.
2025-10-29T13:04:45.969Z 	 info: QueueGCManager:markSweepLoop() Start new mark and sweep.
2025-10-29T13:04:45.969Z 	 info: QueueGCManger:markSweep() Get all extents.
2025-10-29T13:04:45.970Z 	 info: QueueGCManager:marksweep() Get 0 extents.
2025-10-29T13:04:45.970Z 	 info: QueueGCManager:markSweep() Get referred extents, then remove from allExtents.
2025-10-29T13:04:45.970Z 	 info: QueueGCManager:markSweep() Got referred extents, unreferenced extents count is 0.
2025-10-29T13:04:45.970Z 	 info: QueueGCManager:markSweepLoop() Mark and sweep finished, take 1ms.
2025-10-29T13:04:45.970Z 	 info: QueueGCManager:markSweepLoop() Sleep for 60000
2025-10-29T13:04:45.970Z 	 info: AccountDataStore:init() Refresh accounts from environment variable AZURITE_ACCOUNTS with value undefined
2025-10-29T13:04:45.970Z 	 info: AccountDataStore:init() Fallback to default emulator account devstoreaccount1.
2025-10-29T13:05:54.061Z 	 info: Azurite Blob service is starting on 127.0.0.1:10000
2025-10-29T13:05:54.065Z 	 info: AccountDataStore:init() Refresh accounts from environment variable AZURITE_ACCOUNTS with value undefined
2025-10-29T13:05:54.065Z 	 info: AccountDataStore:init() Fallback to default emulator account devstoreaccount1.
2025-10-29T13:05:54.109Z 	 info: BlobGCManager:start() Starting BlobGCManager. Set status to Initializing.
2025-10-29T13:05:54.110Z 	 info: BlobGCManager:start() Trigger mark and sweep loop. Set status to Running.
2025-10-29T13:05:54.111Z 	 info: BlobGCManager:markSweepLoop() Start next mark and sweep.
2025-10-29T13:05:54.111Z 	 info: BlobGCManager:markSweep() Get all extents.
2025-10-29T13:05:54.113Z 	 info: BlobGCManager:start() BlobGCManager successfully started.
2025-10-29T13:05:54.133Z 	 info: BlobGCManager:markSweep() Got 0 extents.
2025-10-29T13:05:54.134Z 	 info: BlobGCManager:markSweep() Get referred extents.
2025-10-29T13:05:54.135Z 	 info: BlobGCManager:markSweep() Got referred extents, unreferenced extents count is 0.
2025-10-29T13:05:54.135Z 	 info: BlobGCManager:markSweepLoop() Mark and sweep finished, taken 24ms.
2025-10-29T13:05:54.135Z 	 info: BlobGCManager:markSweepLoop() Sleep for 600000ms.
2025-10-29T13:05:54.147Z 	 info: Azurite Blob service successfully listens on http://127.0.0.1:10000
2025-10-29T13:05:54.148Z 	 info: Azurite Queue service is starting on 127.0.0.1:10001
2025-10-29T13:05:54.148Z 	 info: AccountDataStore:init() Refresh accounts from environment variable AZURITE_ACCOUNTS with value undefined
2025-10-29T13:05:54.149Z 	 info: AccountDataStore:init() Fallback to default emulator account devstoreaccount1.
2025-10-29T13:05:54.187Z 	 info: QueueGCManager:start() Starting QueueGCManager, set status to Initializing
2025-10-29T13:05:54.187Z 	 info: QueueGCManager:start() Trigger mark and sweep loop, set status to Running.
2025-10-29T13:05:54.187Z 	 info: QueueGCManager:markSweepLoop() Start new mark and sweep.
2025-10-29T13:05:54.188Z 	 info: QueueGCManger:markSweep() Get all extents.
2025-10-29T13:05:54.188Z 	 info: QueueGCManager:start() QueueGCManager successfully started.
2025-10-29T13:05:54.189Z 	 info: QueueGCManager:marksweep() Get 0 extents.
2025-10-29T13:05:54.189Z 	 info: QueueGCManager:markSweep() Get referred extents, then remove from allExtents.
2025-10-29T13:05:54.189Z 	 info: QueueGCManager:markSweep() Got referred extents, unreferenced extents count is 0.
2025-10-29T13:05:54.189Z 	 info: QueueGCManager:markSweepLoop() Mark and sweep finished, take 2ms.
2025-10-29T13:05:54.189Z 	 info: QueueGCManager:markSweepLoop() Sleep for 60000
2025-10-29T13:05:54.193Z 	 info: Azurite Queue service successfully listens on http://127.0.0.1:10001
2025-10-29T13:05:54.194Z 	 info: Azurite Table service is starting on 127.0.0.1:10002
2025-10-29T13:05:54.194Z 	 info: AccountDataStore:init() Refresh accounts from environment variable AZURITE_ACCOUNTS with value undefined
2025-10-29T13:05:54.194Z 	 info: AccountDataStore:init() Fallback to default emulator account devstoreaccount1.
2025-10-29T13:05:54.203Z 	 info: Azurite Table service successfully listens on http://127.0.0.1:10002
2025-10-29T13:05:54.205Z 	 info: InstaceID 2dc732c1-d9cc-4874-ba2a-d3a495bcad3c, SessionID ac08ed98-d5fd-49fc-8a8d-6cfc0fdc4bd4.
2025-10-29T13:05:54.314Z 	 info: Telemetry initialize successfully.
2025-10-29T13:05:54.325Z 	 verbose: Send start telemetry
2025-10-29T13:06:54.069Z 	 info: AccountDataStore:init() Refresh accounts from environment variable AZURITE_ACCOUNTS with value undefined
2025-10-29T13:06:54.069Z 	 info: AccountDataStore:init() Fallback to default emulator account devstoreaccount1.
2025-10-29T13:06:54.156Z 	 info: AccountDataStore:init() Refresh accounts from environment variable AZURITE_ACCOUNTS with value undefined
2025-10-29T13:06:54.156Z 	 info: AccountDataStore:init() Fallback to default emulator account devstoreaccount1.
2025-10-29T13:06:54.189Z 	 info: QueueGCManager:markSweepLoop() Start new mark and sweep.
2025-10-29T13:06:54.190Z 	 info: QueueGCManger:markSweep() Get all extents.
2025-10-29T13:06:54.190Z 	 info: QueueGCManager:marksweep() Get 0 extents.
2025-10-29T13:06:54.190Z 	 info: QueueGCManager:markSweep() Get referred extents, then remove from allExtents.
2025-10-29T13:06:54.190Z 	 info: QueueGCManager:markSweep() Got referred extents, unreferenced extents count is 0.
2025-10-29T13:06:54.191Z 	 info: QueueGCManager:markSweepLoop() Mark and sweep finished, take 1ms.
2025-10-29T13:06:54.191Z 	 info: QueueGCManager:markSweepLoop() Sleep for 60000
2025-10-29T13:06:54.194Z 	 info: AccountDataStore:init() Refresh accounts from environment variable AZURITE_ACCOUNTS with value undefined
2025-10-29T13:06:54.195Z 	 info: AccountDataStore:init() Fallback to default emulator account devstoreaccount1.
